1546477773584	mozrunner::runner	INFO	Running command: "/usr/bin/firefox" "-marionette" "-foreground" "-no-remote" "-profile" "/tmp/rust_mozprofile.h6310RstMs3p"
1546477777748	addons.webextension.screenshots@mozilla.org	WARN	Loading extension 'screenshots@mozilla.org': Reading manifest: Invalid host permission: resource://pdf.js/
1546477777748	addons.webextension.screenshots@mozilla.org	WARN	Loading extension 'screenshots@mozilla.org': Reading manifest: Invalid host permission: about:reader*
1546477783712	Marionette	INFO	Listening on port 35435
1546477783851	Marionette	WARN	TLS certificate errors will be ignored for this session
1546477832651	mozrunner::runner	INFO	Running command: "/usr/bin/firefox" "-marionette" "-foreground" "-no-remote" "-profile" "/tmp/rust_mozprofile.gBUVLAF9bHqW"
1546477833063	addons.webextension.screenshots@mozilla.org	WARN	Loading extension 'screenshots@mozilla.org': Reading manifest: Invalid host permission: resource://pdf.js/
1546477833064	addons.webextension.screenshots@mozilla.org	WARN	Loading extension 'screenshots@mozilla.org': Reading manifest: Invalid host permission: about:reader*
1546477835923	Marionette	INFO	Listening on port 46495
1546477836036	Marionette	WARN	TLS certificate errors will be ignored for this session
[Parent 32252, Gecko_IOThread] WARNING: pipe error (70): Connection reset by peer: file /build/firefox-OWzVI3/firefox-64.0+build3/ipc/chromium/src/chrome/common/ipc_channel_posix.cc, line 363
[Parent 32252, Gecko_IOThread] WARNING: pipe error (79): Connection reset by peer: file /build/firefox-OWzVI3/firefox-64.0+build3/ipc/chromium/src/chrome/common/ipc_channel_posix.cc, line 363
*** UTM:SVC TimerManager:registerTimer called after profile-before-change notification. Ignoring timer registration for id: telemetry_modules_ping
1546477838945	Marionette	INFO	Stopped listening on port 35435
1546478104317	mozrunner::runner	INFO	Running command: "/usr/bin/firefox" "-marionette" "-foreground" "-no-remote" "-profile" "/tmp/rust_mozprofile.EnINwkgLmMaa"
1546478104712	addons.webextension.screenshots@mozilla.org	WARN	Loading extension 'screenshots@mozilla.org': Reading manifest: Invalid host permission: resource://pdf.js/
1546478104712	addons.webextension.screenshots@mozilla.org	WARN	Loading extension 'screenshots@mozilla.org': Reading manifest: Invalid host permission: about:reader*
1546478107437	Marionette	INFO	Listening on port 34215
1546478107559	Marionette	WARN	TLS certificate errors will be ignored for this session
IPDL protocol error: Handler returned error code!

###!!! [Parent][DispatchAsyncMessage] Error: PLayerTransaction::Msg_ReleaseLayer Processing error: message was deserialized, but the handler returned false (indicating failure)

IPDL protocol error: Handler returned error code!

###!!! [Parent][DispatchAsyncMessage] Error: PLayerTransaction::Msg_ReleaseLayer Processing error: message was deserialized, but the handler returned false (indicating failure)

IPDL protocol error: Handler returned error code!

###!!! [Parent][DispatchAsyncMessage] Error: PLayerTransaction::Msg_ReleaseLayer Processing error: message was deserialized, but the handler returned false (indicating failure)

IPDL protocol error: Handler returned error code!

###!!! [Parent][DispatchAsyncMessage] Error: PLayerTransaction::Msg_ReleaseLayer Processing error: message was deserialized, but the handler returned false (indicating failure)

IPDL protocol error: Handler returned error code!

###!!! [Parent][DispatchAsyncMessage] Error: PLayerTransaction::Msg_ReleaseLayer Processing error: message was deserialized, but the handler returned false (indicating failure)

[Parent 3244, Gecko_IOThread] WARNING: pipe error (78): Connection reset by peer: file /build/firefox-OWzVI3/firefox-64.0+build3/ipc/chromium/src/chrome/common/ipc_channel_posix.cc, line 363
[Parent 3244, Gecko_IOThread] WARNING: pipe error (70): Connection reset by peer: file /build/firefox-OWzVI3/firefox-64.0+build3/ipc/chromium/src/chrome/common/ipc_channel_posix.cc, line 363
1546478168765	Marionette	INFO	Stopped listening on port 46495
[Parent 16483, Gecko_IOThread] WARNING: pipe error (78): Connection reset by peer: file /build/firefox-OWzVI3/firefox-64.0+build3/ipc/chromium/src/chrome/common/ipc_channel_posix.cc, line 363
[Parent 16483, Gecko_IOThread] WARNING: pipe error (64): Connection reset by peer: file /build/firefox-OWzVI3/firefox-64.0+build3/ipc/chromium/src/chrome/common/ipc_channel_posix.cc, line 363
1546478169804	Marionette	INFO	Stopped listening on port 34215
1546478173350	mozrunner::runner	INFO	Running command: "/usr/bin/firefox" "-marionette" "-foreground" "-no-remote" "-profile" "/tmp/rust_mozprofile.qlevUUI6sl5i"
1546478173733	addons.webextension.screenshots@mozilla.org	WARN	Loading extension 'screenshots@mozilla.org': Reading manifest: Invalid host permission: resource://pdf.js/
1546478173733	addons.webextension.screenshots@mozilla.org	WARN	Loading extension 'screenshots@mozilla.org': Reading manifest: Invalid host permission: about:reader*
1546478176486	Marionette	INFO	Listening on port 34879
1546478176598	Marionette	WARN	TLS certificate errors will be ignored for this session
1546478202448	mozrunner::runner	INFO	Running command: "/usr/bin/firefox" "-marionette" "-foreground" "-no-remote" "-profile" "/tmp/rust_mozprofile.VDyslmmems57"
1546478202859	addons.webextension.screenshots@mozilla.org	WARN	Loading extension 'screenshots@mozilla.org': Reading manifest: Invalid host permission: resource://pdf.js/
1546478202859	addons.webextension.screenshots@mozilla.org	WARN	Loading extension 'screenshots@mozilla.org': Reading manifest: Invalid host permission: about:reader*
[Parent 20346, Gecko_IOThread] WARNING: pipe error (78): Connection reset by peer: file /build/firefox-OWzVI3/firefox-64.0+build3/ipc/chromium/src/chrome/common/ipc_channel_posix.cc, line 363
[Parent 20346, Gecko_IOThread] WARNING: pipe error (64): Connection reset by peer: file /build/firefox-OWzVI3/firefox-64.0+build3/ipc/chromium/src/chrome/common/ipc_channel_posix.cc, line 363
1546478205121	Marionette	INFO	Stopped listening on port 34879
1546478206286	Marionette	INFO	Listening on port 45175
1546478206414	Marionette	WARN	TLS certificate errors will be ignored for this session
[Parent 22024, Gecko_IOThread] WARNING: pipe error (70): Connection reset by peer: file /build/firefox-OWzVI3/firefox-64.0+build3/ipc/chromium/src/chrome/common/ipc_channel_posix.cc, line 363
[Parent 22024, Gecko_IOThread] WARNING: pipe error (78): Connection reset by peer: file /build/firefox-OWzVI3/firefox-64.0+build3/ipc/chromium/src/chrome/common/ipc_channel_posix.cc, line 363
1546478255397	Marionette	INFO	Stopped listening on port 45175
1546478256823	mozrunner::runner	INFO	Running command: "/usr/bin/firefox" "-marionette" "-foreground" "-no-remote" "-profile" "/tmp/rust_mozprofile.ilj3qNletWST"
1546478257210	addons.webextension.screenshots@mozilla.org	WARN	Loading extension 'screenshots@mozilla.org': Reading manifest: Invalid host permission: resource://pdf.js/
1546478257210	addons.webextension.screenshots@mozilla.org	WARN	Loading extension 'screenshots@mozilla.org': Reading manifest: Invalid host permission: about:reader*
1546478260023	Marionette	INFO	Listening on port 45055
1546478260032	Marionette	WARN	TLS certificate errors will be ignored for this session
console.error: BroadcastService: 
  receivedBroadcastMessage: handler for
  remote-settings/monitor_changes
  threw error:
  Message: Error: Polling for changes failed: NetworkError when attempting to fetch resource..
  Stack:
    remoteSettingsFunction/remoteSettings.pollChanges@resource://services-settings/remote-settings.js:750:13

[Parent 25115, Gecko_IOThread] WARNING: pipe error (78): Connection reset by peer: file /build/firefox-OWzVI3/firefox-64.0+build3/ipc/chromium/src/chrome/common/ipc_channel_posix.cc, line 363
[Parent 25115, Gecko_IOThread] WARNING: pipe error (79): Connection reset by peer: file /build/firefox-OWzVI3/firefox-64.0+build3/ipc/chromium/src/chrome/common/ipc_channel_posix.cc, line 363
1546478513631	Marionette	INFO	Stopped listening on port 45055
1546478514204	mozrunner::runner	INFO	Running command: "/usr/bin/firefox" "-marionette" "-foreground" "-no-remote" "-profile" "/tmp/rust_mozprofile.jBEXwHhRTg8B"
1546478514622	addons.webextension.screenshots@mozilla.org	WARN	Loading extension 'screenshots@mozilla.org': Reading manifest: Invalid host permission: resource://pdf.js/
1546478514622	addons.webextension.screenshots@mozilla.org	WARN	Loading extension 'screenshots@mozilla.org': Reading manifest: Invalid host permission: about:reader*
1546478517290	Marionette	INFO	Listening on port 36843
1546478517317	Marionette	WARN	TLS certificate errors will be ignored for this session
[Parent 5822, Gecko_IOThread] WARNING: pipe error (78): Connection reset by peer: file /build/firefox-OWzVI3/firefox-64.0+build3/ipc/chromium/src/chrome/common/ipc_channel_posix.cc, line 363
[Parent 5822, Gecko_IOThread] WARNING: pipe error (70): Connection reset by peer: file /build/firefox-OWzVI3/firefox-64.0+build3/ipc/chromium/src/chrome/common/ipc_channel_posix.cc, line 363
1546478542887	Marionette	INFO	Stopped listening on port 36843
1546478543269	mozrunner::runner	INFO	Running command: "/usr/bin/firefox" "-marionette" "-foreground" "-no-remote" "-profile" "/tmp/rust_mozprofile.PZNrwCAgQOx0"
1546478543655	addons.webextension.screenshots@mozilla.org	WARN	Loading extension 'screenshots@mozilla.org': Reading manifest: Invalid host permission: resource://pdf.js/
1546478543655	addons.webextension.screenshots@mozilla.org	WARN	Loading extension 'screenshots@mozilla.org': Reading manifest: Invalid host permission: about:reader*
1546478546374	Marionette	INFO	Listening on port 45473
1546478546386	Marionette	WARN	TLS certificate errors will be ignored for this session
console.error: BroadcastService: 
  receivedBroadcastMessage: handler for
  remote-settings/monitor_changes
  threw error:
  Message: Error: Polling for changes failed: NetworkError when attempting to fetch resource..
  Stack:
    remoteSettingsFunction/remoteSettings.pollChanges@resource://services-settings/remote-settings.js:750:13

1546478709339	mozrunner::runner	INFO	Running command: "/usr/bin/firefox" "-marionette" "-foreground" "-no-remote" "-profile" "/tmp/rust_mozprofile.t0dI05MV9c3T"
1546478709722	addons.webextension.screenshots@mozilla.org	WARN	Loading extension 'screenshots@mozilla.org': Reading manifest: Invalid host permission: resource://pdf.js/
1546478709722	addons.webextension.screenshots@mozilla.org	WARN	Loading extension 'screenshots@mozilla.org': Reading manifest: Invalid host permission: about:reader*
1546478712488	Marionette	INFO	Listening on port 40567
1546478712623	Marionette	WARN	TLS certificate errors will be ignored for this session
1546478805662	mozrunner::runner	INFO	Running command: "/usr/bin/firefox" "-marionette" "-foreground" "-no-remote" "-profile" "/tmp/rust_mozprofile.Q1XYaCBc68K1"
1546478806088	addons.webextension.screenshots@mozilla.org	WARN	Loading extension 'screenshots@mozilla.org': Reading manifest: Invalid host permission: resource://pdf.js/
1546478806088	addons.webextension.screenshots@mozilla.org	WARN	Loading extension 'screenshots@mozilla.org': Reading manifest: Invalid host permission: about:reader*
1546478808735	Marionette	INFO	Listening on port 45165
1546478808779	Marionette	WARN	TLS certificate errors will be ignored for this session
console.error: BroadcastService: 
  receivedBroadcastMessage: handler for
  remote-settings/monitor_changes
  threw error:
  Message: Error: Polling for changes failed: NetworkError when attempting to fetch resource..
  Stack:
    remoteSettingsFunction/remoteSettings.pollChanges@resource://services-settings/remote-settings.js:750:13

console.error: BroadcastService: 
  receivedBroadcastMessage: handler for
  remote-settings/monitor_changes
  threw error:
  Message: Error: Polling for changes failed: NetworkError when attempting to fetch resource..
  Stack:
    remoteSettingsFunction/remoteSettings.pollChanges@resource://services-settings/remote-settings.js:750:13

[Parent 21335, Gecko_IOThread] WARNING: pipe error (78): Connection reset by peer: file /build/firefox-OWzVI3/firefox-64.0+build3/ipc/chromium/src/chrome/common/ipc_channel_posix.cc, line 363
[Parent 21335, Gecko_IOThread] WARNING: pipe error (64): Connection reset by peer: file /build/firefox-OWzVI3/firefox-64.0+build3/ipc/chromium/src/chrome/common/ipc_channel_posix.cc, line 363
1546478839163	Marionette	INFO	Stopped listening on port 45165
IPDL protocol error: Handler returned error code!

###!!! [Parent][DispatchAsyncMessage] Error: PLayerTransaction::Msg_ReleaseLayer Processing error: message was deserialized, but the handler returned false (indicating failure)

IPDL protocol error: Handler returned error code!

###!!! [Parent][DispatchAsyncMessage] Error: PLayerTransaction::Msg_ReleaseLayer Processing error: message was deserialized, but the handler returned false (indicating failure)

IPDL protocol error: Handler returned error code!

###!!! [Parent][DispatchAsyncMessage] Error: PLayerTransaction::Msg_ReleaseLayer Processing error: message was deserialized, but the handler returned false (indicating failure)

IPDL protocol error: Handler returned error code!

###!!! [Parent][DispatchAsyncMessage] Error: PLayerTransaction::Msg_ReleaseLayer Processing error: message was deserialized, but the handler returned false (indicating failure)

IPDL protocol error: Handler returned error code!

###!!! [Parent][DispatchAsyncMessage] Error: PLayerTransaction::Msg_ReleaseLayer Processing error: message was deserialized, but the handler returned false (indicating failure)

[Parent 16762, Gecko_IOThread] WARNING: pipe error (78): Connection reset by peer: file /build/firefox-OWzVI3/firefox-64.0+build3/ipc/chromium/src/chrome/common/ipc_channel_posix.cc, line 363
[Parent 16762, Gecko_IOThread] WARNING: pipe error (84): Connection reset by peer: file /build/firefox-OWzVI3/firefox-64.0+build3/ipc/chromium/src/chrome/common/ipc_channel_posix.cc, line 363
[Parent 16762, Gecko_IOThread] WARNING: pipe error (112): Connection reset by peer: file /build/firefox-OWzVI3/firefox-64.0+build3/ipc/chromium/src/chrome/common/ipc_channel_posix.cc, line 363
1546478842448	Marionette	INFO	Stopped listening on port 40567
1546478886600	mozrunner::runner	INFO	Running command: "/usr/bin/firefox" "-marionette" "-foreground" "-no-remote" "-profile" "/tmp/rust_mozprofile.dAhkOKVUEXLP"
1546478887040	addons.webextension.screenshots@mozilla.org	WARN	Loading extension 'screenshots@mozilla.org': Reading manifest: Invalid host permission: resource://pdf.js/
1546478887040	addons.webextension.screenshots@mozilla.org	WARN	Loading extension 'screenshots@mozilla.org': Reading manifest: Invalid host permission: about:reader*
1546478889808	Marionette	INFO	Listening on port 36211
1546478889935	Marionette	WARN	TLS certificate errors will be ignored for this session
1546479009661	mozrunner::runner	INFO	Running command: "/usr/bin/firefox" "-marionette" "-foreground" "-no-remote" "-profile" "/tmp/rust_mozprofile.ly03AxkYwhI1"
1546479010048	addons.webextension.screenshots@mozilla.org	WARN	Loading extension 'screenshots@mozilla.org': Reading manifest: Invalid host permission: resource://pdf.js/
1546479010049	addons.webextension.screenshots@mozilla.org	WARN	Loading extension 'screenshots@mozilla.org': Reading manifest: Invalid host permission: about:reader*
1546479012824	Marionette	INFO	Listening on port 44719
1546479012931	Marionette	WARN	TLS certificate errors will be ignored for this session
console.error: BroadcastService: 
  receivedBroadcastMessage: handler for
  remote-settings/monitor_changes
  threw error:
  Message: Error: Polling for changes failed: NetworkError when attempting to fetch resource..
  Stack:
    remoteSettingsFunction/remoteSettings.pollChanges@resource://services-settings/remote-settings.js:750:13

console.error: BroadcastService: 
  receivedBroadcastMessage: handler for
  remote-settings/monitor_changes
  threw error:
  Message: Error: Polling for changes failed: NetworkError when attempting to fetch resource..
  Stack:
    remoteSettingsFunction/remoteSettings.pollChanges@resource://services-settings/remote-settings.js:750:13

1546479310009	mozrunner::runner	INFO	Running command: "/usr/bin/firefox" "-marionette" "-foreground" "-no-remote" "-profile" "/tmp/rust_mozprofile.jfTWpADuNoMn"
1546479310396	addons.webextension.screenshots@mozilla.org	WARN	Loading extension 'screenshots@mozilla.org': Reading manifest: Invalid host permission: resource://pdf.js/
1546479310396	addons.webextension.screenshots@mozilla.org	WARN	Loading extension 'screenshots@mozilla.org': Reading manifest: Invalid host permission: about:reader*
1546479313310	Marionette	INFO	Listening on port 32801
1546479313321	Marionette	WARN	TLS certificate errors will be ignored for this session
1546479317594	Marionette	INFO	Stopped listening on port 32801
[Parent 7781, Gecko_IOThread] WARNING: pipe error (64): Connection reset by peer: file /build/firefox-OWzVI3/firefox-64.0+build3/ipc/chromium/src/chrome/common/ipc_channel_posix.cc, line 363
[Parent 7781, Gecko_IOThread] WARNING: pipe error (78): Connection reset by peer: file /build/firefox-OWzVI3/firefox-64.0+build3/ipc/chromium/src/chrome/common/ipc_channel_posix.cc, line 363
1546479395128	Marionette	INFO	Stopped listening on port 45473
1546479456975	mozrunner::runner	INFO	Running command: "/usr/bin/firefox" "-marionette" "-foreground" "-no-remote" "-profile" "/tmp/rust_mozprofile.Tugw9skG3amQ"
1546479457379	addons.webextension.screenshots@mozilla.org	WARN	Loading extension 'screenshots@mozilla.org': Reading manifest: Invalid host permission: resource://pdf.js/
1546479457379	addons.webextension.screenshots@mozilla.org	WARN	Loading extension 'screenshots@mozilla.org': Reading manifest: Invalid host permission: about:reader*
1546479460409	Marionette	INFO	Listening on port 43307
1546479460514	Marionette	WARN	TLS certificate errors will be ignored for this session
[Parent 23669, Gecko_IOThread] WARNING: pipe error (78): Connection reset by peer: file /build/firefox-OWzVI3/firefox-64.0+build3/ipc/chromium/src/chrome/common/ipc_channel_posix.cc, line 363
[Parent 23669, Gecko_IOThread] WARNING: pipe error (84): Connection reset by peer: file /build/firefox-OWzVI3/firefox-64.0+build3/ipc/chromium/src/chrome/common/ipc_channel_posix.cc, line 363
1546479511772	Marionette	INFO	Stopped listening on port 43307
JavaScript warning: https://alpha.kite.com/api/account/kite-google/gtm/js?id=GTM-MGZFQ4H&cid=2055783397.1546479755, line 104: unreachable code after return statement
1546479844016	mozrunner::runner	INFO	Running command: "/usr/bin/firefox" "-marionette" "-foreground" "-no-remote" "-profile" "/tmp/rust_mozprofile.a4f5BJW89y4x"
1546479844402	addons.webextension.screenshots@mozilla.org	WARN	Loading extension 'screenshots@mozilla.org': Reading manifest: Invalid host permission: resource://pdf.js/
1546479844402	addons.webextension.screenshots@mozilla.org	WARN	Loading extension 'screenshots@mozilla.org': Reading manifest: Invalid host permission: about:reader*
1546479847149	Marionette	INFO	Listening on port 39421
1546479847297	Marionette	WARN	TLS certificate errors will be ignored for this session
JavaScript warning: https://www.toolsqa.com/wp-content/cache/busting/1/gtm-local.js, line 11: unreachable code after return statement
JavaScript warning: https://www.toolsqa.com/wp-content/cache/busting/1/gtm-local.js, line 29: unreachable code after return statement
JavaScript warning: https://www.toolsqa.com/wp-content/cache/busting/1/gtm-local.js, line 29: unreachable code after return statement
JavaScript warning: https://www.toolsqa.com/wp-content/cache/busting/1/gtm-local.js, line 29: unreachable code after return statement
JavaScript warning: https://www.toolsqa.com/wp-content/cache/busting/1/gtm-local.js, line 11: unreachable code after return statement
JavaScript warning: https://www.toolsqa.com/wp-content/cache/busting/1/gtm-local.js, line 29: unreachable code after return statement
[Parent 10498, Gecko_IOThread] WARNING: pipe error (152): Connection reset by peer: file /build/firefox-OWzVI3/firefox-64.0+build3/ipc/chromium/src/chrome/common/ipc_channel_posix.cc, line 363
console.error: BroadcastService: 
  receivedBroadcastMessage: handler for
  remote-settings/monitor_changes
  threw error:
  Message: Error: Polling for changes failed: NetworkError when attempting to fetch resource..
  Stack:
    remoteSettingsFunction/remoteSettings.pollChanges@resource://services-settings/remote-settings.js:750:13

JavaScript warning: https://www.tutorialspoint.com/theme/js/script-min-v4.js?v=2, line 1: Using //@ to indicate sourceMappingURL pragmas is deprecated. Use //# instead
1546480619932	mozrunner::runner	INFO	Running command: "/usr/bin/firefox" "-marionette" "-foreground" "-no-remote" "-profile" "/tmp/rust_mozprofile.jil7jn3FVHby"
1546480620363	addons.webextension.screenshots@mozilla.org	WARN	Loading extension 'screenshots@mozilla.org': Reading manifest: Invalid host permission: resource://pdf.js/
1546480620363	addons.webextension.screenshots@mozilla.org	WARN	Loading extension 'screenshots@mozilla.org': Reading manifest: Invalid host permission: about:reader*
1546480623117	Marionette	INFO	Listening on port 39275
1546480623145	Marionette	WARN	TLS certificate errors will be ignored for this session
1546480656566	mozrunner::runner	INFO	Running command: "/usr/bin/firefox" "-marionette" "-foreground" "-no-remote" "-profile" "/tmp/rust_mozprofile.6oqQLDxzEbcv"
1546480656974	addons.webextension.screenshots@mozilla.org	WARN	Loading extension 'screenshots@mozilla.org': Reading manifest: Invalid host permission: resource://pdf.js/
1546480656974	addons.webextension.screenshots@mozilla.org	WARN	Loading extension 'screenshots@mozilla.org': Reading manifest: Invalid host permission: about:reader*
1546480660122	Marionette	INFO	Listening on port 42583
1546480660255	Marionette	WARN	TLS certificate errors will be ignored for this session
1546480807287	mozrunner::runner	INFO	Running command: "/usr/bin/firefox" "-marionette" "-foreground" "-no-remote" "-profile" "/tmp/rust_mozprofile.G66VgcpMA6Py"
1546480807685	addons.webextension.screenshots@mozilla.org	WARN	Loading extension 'screenshots@mozilla.org': Reading manifest: Invalid host permission: resource://pdf.js/
1546480807685	addons.webextension.screenshots@mozilla.org	WARN	Loading extension 'screenshots@mozilla.org': Reading manifest: Invalid host permission: about:reader*
1546480811183	Marionette	INFO	Listening on port 46367
1546480811206	Marionette	WARN	TLS certificate errors will be ignored for this session
console.error: "Error while calling actor 'layout's method 'getGrids'" "node is null"
console.error: "getGrids@resource://devtools/shared/base-loader.js -> resource://devtools/server/actors/layout.js:424:11\ngetGrids@resource://devtools/shared/base-loader.js -> resource://devtools/server/actors/layout.js:429:38\nhandler@resource://devtools/shared/base-loader.js -> resource://devtools/shared/protocol.js:1198:21\nonPacket@resource://devtools/shared/base-loader.js -> resource://devtools/server/main.js:1313:15\nreceiveMessage@resource://devtools/shared/base-loader.js -> resource://devtools/shared/transport/child-transport.js:66:5\n"
console.error: BroadcastService: 
  receivedBroadcastMessage: handler for
  remote-settings/monitor_changes
  threw error:
  Message: Error: Polling for changes failed: NetworkError when attempting to fetch resource..
  Stack:
    remoteSettingsFunction/remoteSettings.pollChanges@resource://services-settings/remote-settings.js:750:13

console.error: BroadcastService: 
  receivedBroadcastMessage: handler for
  remote-settings/monitor_changes
  threw error:
  Message: Error: Polling for changes failed: NetworkError when attempting to fetch resource..
  Stack:
    remoteSettingsFunction/remoteSettings.pollChanges@resource://services-settings/remote-settings.js:750:13

JavaScript error: https://contextual.media.net/fcmdynet.js?&cid=8CUQBB2U5&cpcd=7xRa5ccNXLLzdohX57nd7w%3D%3D&crid=441289839&size=641x481&cc=US&sc=CA&https=1&vif=0&requrl=https%3A%2F%2Fwww.guru99.com%2Fkeyboard-mouse-events-files-webdriver.html&kwrf=https%3A%2F%2Fwww.google.com&nse=3&vi=1546481443827356652&lw=1&ugd=4&insl=1, line 238: TypeError: _mNDetails._mNVI is undefined
1546481550599	mozrunner::runner	INFO	Running command: "/usr/bin/firefox" "-marionette" "-foreground" "-no-remote" "-profile" "/tmp/rust_mozprofile.n5rCyWmnIGtt"
1546481551011	addons.webextension.screenshots@mozilla.org	WARN	Loading extension 'screenshots@mozilla.org': Reading manifest: Invalid host permission: resource://pdf.js/
1546481551012	addons.webextension.screenshots@mozilla.org	WARN	Loading extension 'screenshots@mozilla.org': Reading manifest: Invalid host permission: about:reader*
1546481553751	Marionette	INFO	Listening on port 40215
1546481553896	Marionette	WARN	TLS certificate errors will be ignored for this session
JavaScript warning: https://www.toolsqa.com/wp-content/cache/busting/1/gtm-local.js, line 11: unreachable code after return statement
JavaScript warning: https://www.toolsqa.com/wp-content/cache/busting/1/gtm-local.js, line 29: unreachable code after return statement
JavaScript warning: https://www.toolsqa.com/wp-content/cache/busting/1/gtm-local.js, line 29: unreachable code after return statement
JavaScript warning: https://www.toolsqa.com/wp-content/cache/busting/1/gtm-local.js, line 29: unreachable code after return statement
JavaScript warning: https://www.toolsqa.com/wp-content/cache/busting/1/gtm-local.js, line 11: unreachable code after return statement
JavaScript warning: https://www.toolsqa.com/wp-content/cache/busting/1/gtm-local.js, line 29: unreachable code after return statement
1546481676009	mozrunner::runner	INFO	Running command: "/usr/bin/firefox" "-marionette" "-foreground" "-no-remote" "-profile" "/tmp/rust_mozprofile.9i4ZWtAuX3xl"
1546481676408	addons.webextension.screenshots@mozilla.org	WARN	Loading extension 'screenshots@mozilla.org': Reading manifest: Invalid host permission: resource://pdf.js/
1546481676408	addons.webextension.screenshots@mozilla.org	WARN	Loading extension 'screenshots@mozilla.org': Reading manifest: Invalid host permission: about:reader*
1546481679501	Marionette	INFO	Listening on port 35543
1546481679523	Marionette	WARN	TLS certificate errors will be ignored for this session
[Parent 26252, Gecko_IOThread] WARNING: pipe error (112): Connection reset by peer: file /build/firefox-OWzVI3/firefox-64.0+build3/ipc/chromium/src/chrome/common/ipc_channel_posix.cc, line 363
[Parent 26252, Gecko_IOThread] WARNING: pipe error (64): Connection reset by peer: file /build/firefox-OWzVI3/firefox-64.0+build3/ipc/chromium/src/chrome/common/ipc_channel_posix.cc, line 363
[Parent 26252, Gecko_IOThread] WARNING: pipe error (78): Connection reset by peer: file /build/firefox-OWzVI3/firefox-64.0+build3/ipc/chromium/src/chrome/common/ipc_channel_posix.cc, line 363
1546481680587	Marionette	INFO	Stopped listening on port 40215
[Parent 25488, Gecko_IOThread] WARNING: pipe error (78): Connection reset by peer: file /build/firefox-OWzVI3/firefox-64.0+build3/ipc/chromium/src/chrome/common/ipc_channel_posix.cc, line 363
[Parent 25488, Gecko_IOThread] WARNING: pipe error (64): Connection reset by peer: file /build/firefox-OWzVI3/firefox-64.0+build3/ipc/chromium/src/chrome/common/ipc_channel_posix.cc, line 363
[Parent 25488, Gecko_IOThread] WARNING: pipe error (146): Connection reset by peer: file /build/firefox-OWzVI3/firefox-64.0+build3/ipc/chromium/src/chrome/common/ipc_channel_posix.cc, line 363
[Parent 25488, Gecko_IOThread] WARNING: pipe error (112): Connection reset by peer: file /build/firefox-OWzVI3/firefox-64.0+build3/ipc/chromium/src/chrome/common/ipc_channel_posix.cc, line 363
[Parent 25488, Gecko_IOThread] WARNING: pipe error (141): Connection reset by peer: file /build/firefox-OWzVI3/firefox-64.0+build3/ipc/chromium/src/chrome/common/ipc_channel_posix.cc, line 363
1546481683666	Marionette	INFO	Stopped listening on port 36211
[Parent 10498, Gecko_IOThread] WARNING: pipe error (78): Connection reset by peer: file /build/firefox-OWzVI3/firefox-64.0+build3/ipc/chromium/src/chrome/common/ipc_channel_posix.cc, line 363
[Parent 10498, Gecko_IOThread] WARNING: pipe error (110): Connection reset by peer: file /build/firefox-OWzVI3/firefox-64.0+build3/ipc/chromium/src/chrome/common/ipc_channel_posix.cc, line 363
[Parent 10498, Gecko_IOThread] WARNING: pipe error (176): Connection reset by peer: file /build/firefox-OWzVI3/firefox-64.0+build3/ipc/chromium/src/chrome/common/ipc_channel_posix.cc, line 363
[Parent 10498, Gecko_IOThread] WARNING: pipe error (41): Connection reset by peer: file /build/firefox-OWzVI3/firefox-64.0+build3/ipc/chromium/src/chrome/common/ipc_channel_posix.cc, line 363
[Parent 10498, Gecko_IOThread] WARNING: pipe error (133): Connection reset by peer: file /build/firefox-OWzVI3/firefox-64.0+build3/ipc/chromium/src/chrome/common/ipc_channel_posix.cc, line 363
[Parent 10498, Gecko_IOThread] WARNING: pipe error (64): Connection reset by peer: file /build/firefox-OWzVI3/firefox-64.0+build3/ipc/chromium/src/chrome/common/ipc_channel_posix.cc, line 363
1546481686436	Marionette	INFO	Stopped listening on port 39421
1546481749036	mozrunner::runner	INFO	Running command: "/usr/bin/firefox" "-marionette" "-foreground" "-no-remote" "-profile" "/tmp/rust_mozprofile.wCskJIiaPFXS"
1546481749425	addons.webextension.screenshots@mozilla.org	WARN	Loading extension 'screenshots@mozilla.org': Reading manifest: Invalid host permission: resource://pdf.js/
1546481749426	addons.webextension.screenshots@mozilla.org	WARN	Loading extension 'screenshots@mozilla.org': Reading manifest: Invalid host permission: about:reader*
[Parent 32652, Gecko_IOThread] WARNING: pipe error (86): Connection reset by peer: file /build/firefox-OWzVI3/firefox-64.0+build3/ipc/chromium/src/chrome/common/ipc_channel_posix.cc, line 363
[Parent 32652, Gecko_IOThread] WARNING: pipe error (78): Connection reset by peer: file /build/firefox-OWzVI3/firefox-64.0+build3/ipc/chromium/src/chrome/common/ipc_channel_posix.cc, line 363
1546481751735	Marionette	INFO	Stopped listening on port 35543
1546481752458	Marionette	INFO	Listening on port 41893
1546481752557	Marionette	WARN	TLS certificate errors will be ignored for this session
console.error: BroadcastService: 
  receivedBroadcastMessage: handler for
  remote-settings/monitor_changes
  threw error:
  Message: Error: Polling for changes failed: NetworkError when attempting to fetch resource..
  Stack:
    remoteSettingsFunction/remoteSettings.pollChanges@resource://services-settings/remote-settings.js:750:13

[Parent 17865, Gecko_IOThread] WARNING: pipe error (64): Connection reset by peer: file /build/firefox-OWzVI3/firefox-64.0+build3/ipc/chromium/src/chrome/common/ipc_channel_posix.cc, line 363
[Parent 17865, Gecko_IOThread] WARNING: pipe error (78): Connection reset by peer: file /build/firefox-OWzVI3/firefox-64.0+build3/ipc/chromium/src/chrome/common/ipc_channel_posix.cc, line 363
1546481932148	Marionette	INFO	Stopped listening on port 42583

###!!! [Child][MessageChannel] Error: (msgtype=0x4C000E,name=PHttpChannel::Msg_DeletingChannel) Channel closing: too late to send/recv, messages will be lost

[Parent 25560, Gecko_IOThread] WARNING: pipe error (158): Connection reset by peer: file /build/firefox-OWzVI3/firefox-64.0+build3/ipc/chromium/src/chrome/common/ipc_channel_posix.cc, line 363
[Parent 25560, Gecko_IOThread] WARNING: pipe error (84): Connection reset by peer: file /build/firefox-OWzVI3/firefox-64.0+build3/ipc/chromium/src/chrome/common/ipc_channel_posix.cc, line 363
[Parent 25560, Gecko_IOThread] WARNING: pipe error (58): Connection reset by peer: file /build/firefox-OWzVI3/firefox-64.0+build3/ipc/chromium/src/chrome/common/ipc_channel_posix.cc, line 363
[Parent 25560, Gecko_IOThread] WARNING: pipe error (78): Connection reset by peer: file /build/firefox-OWzVI3/firefox-64.0+build3/ipc/chromium/src/chrome/common/ipc_channel_posix.cc, line 363
1546481933670	Marionette	INFO	Stopped listening on port 46367
[Parent 4588, Gecko_IOThread] WARNING: pipe error (78): Connection reset by peer: file /build/firefox-OWzVI3/firefox-64.0+build3/ipc/chromium/src/chrome/common/ipc_channel_posix.cc, line 363
[Parent 4588, Gecko_IOThread] WARNING: pipe error (70): Connection reset by peer: file /build/firefox-OWzVI3/firefox-64.0+build3/ipc/chromium/src/chrome/common/ipc_channel_posix.cc, line 363
1546481934892	Marionette	INFO	Stopped listening on port 41893
1546481936337	mozrunner::runner	INFO	Running command: "/usr/bin/firefox" "-marionette" "-foreground" "-no-remote" "-profile" "/tmp/rust_mozprofile.EVq4TscMLXGR"
1546481936741	addons.webextension.screenshots@mozilla.org	WARN	Loading extension 'screenshots@mozilla.org': Reading manifest: Invalid host permission: resource://pdf.js/
1546481936741	addons.webextension.screenshots@mozilla.org	WARN	Loading extension 'screenshots@mozilla.org': Reading manifest: Invalid host permission: about:reader*
1546481939941	Marionette	INFO	Listening on port 33059
1546481939950	Marionette	WARN	TLS certificate errors will be ignored for this session
1546481982583	mozrunner::runner	INFO	Running command: "/usr/bin/firefox" "-marionette" "-foreground" "-no-remote" "-profile" "/tmp/rust_mozprofile.SI5qzhFb1P6v"
1546481982982	addons.webextension.screenshots@mozilla.org	WARN	Loading extension 'screenshots@mozilla.org': Reading manifest: Invalid host permission: resource://pdf.js/
1546481982982	addons.webextension.screenshots@mozilla.org	WARN	Loading extension 'screenshots@mozilla.org': Reading manifest: Invalid host permission: about:reader*
[Parent 13195, Gecko_IOThread] WARNING: pipe error (79): Connection reset by peer: file /build/firefox-OWzVI3/firefox-64.0+build3/ipc/chromium/src/chrome/common/ipc_channel_posix.cc, line 363
[Parent 13195, Gecko_IOThread] WARNING: pipe error (78): Connection reset by peer: file /build/firefox-OWzVI3/firefox-64.0+build3/ipc/chromium/src/chrome/common/ipc_channel_posix.cc, line 363
1546481984911	Marionette	INFO	Stopped listening on port 33059
1546481986446	Marionette	INFO	Listening on port 44403
1546481986495	Marionette	WARN	TLS certificate errors will be ignored for this session
console.error: BroadcastService: 
  receivedBroadcastMessage: handler for
  remote-settings/monitor_changes
  threw error:
  Message: Error: Polling for changes failed: NetworkError when attempting to fetch resource..
  Stack:
    remoteSettingsFunction/remoteSettings.pollChanges@resource://services-settings/remote-settings.js:750:13

1546482171346	mozrunner::runner	INFO	Running command: "/usr/bin/firefox" "-marionette" "-foreground" "-no-remote" "-profile" "/tmp/rust_mozprofile.XavN5WQVKml5"
1546482171723	addons.webextension.screenshots@mozilla.org	WARN	Loading extension 'screenshots@mozilla.org': Reading manifest: Invalid host permission: resource://pdf.js/
1546482171723	addons.webextension.screenshots@mozilla.org	WARN	Loading extension 'screenshots@mozilla.org': Reading manifest: Invalid host permission: about:reader*
1546482174535	Marionette	INFO	Listening on port 41521
1546482174557	Marionette	WARN	TLS certificate errors will be ignored for this session
[Parent 15751, Gecko_IOThread] WARNING: pipe error (78): Connection reset by peer: file /build/firefox-OWzVI3/firefox-64.0+build3/ipc/chromium/src/chrome/common/ipc_channel_posix.cc, line 363
[Parent 15751, Gecko_IOThread] WARNING: pipe error (81): Connection reset by peer: file /build/firefox-OWzVI3/firefox-64.0+build3/ipc/chromium/src/chrome/common/ipc_channel_posix.cc, line 363
1546482178424	Marionette	INFO	Stopped listening on port 44403
[Parent 23844, Gecko_IOThread] WARNING: pipe error (86): Connection reset by peer: file /build/firefox-OWzVI3/firefox-64.0+build3/ipc/chromium/src/chrome/common/ipc_channel_posix.cc, line 363
[Parent 23844, Gecko_IOThread] WARNING: pipe error (78): Connection reset by peer: file /build/firefox-OWzVI3/firefox-64.0+build3/ipc/chromium/src/chrome/common/ipc_channel_posix.cc, line 363
1546482215366	Marionette	INFO	Stopped listening on port 41521
1546482229461	mozrunner::runner	INFO	Running command: "/usr/bin/firefox" "-marionette" "-foreground" "-no-remote" "-profile" "/tmp/rust_mozprofile.uGdIStTjuDlH"
1546482229835	addons.webextension.screenshots@mozilla.org	WARN	Loading extension 'screenshots@mozilla.org': Reading manifest: Invalid host permission: resource://pdf.js/
1546482229835	addons.webextension.screenshots@mozilla.org	WARN	Loading extension 'screenshots@mozilla.org': Reading manifest: Invalid host permission: about:reader*
1546482232723	Marionette	INFO	Listening on port 39925
1546482232864	Marionette	WARN	TLS certificate errors will be ignored for this session
console.error: BroadcastService: 
  receivedBroadcastMessage: handler for
  remote-settings/monitor_changes
  threw error:
  Message: Error: Polling for changes failed: NetworkError when attempting to fetch resource..
  Stack:
    remoteSettingsFunction/remoteSettings.pollChanges@resource://services-settings/remote-settings.js:750:13

1546482282796	mozrunner::runner	INFO	Running command: "/usr/bin/firefox" "-marionette" "-foreground" "-no-remote" "-profile" "/tmp/rust_mozprofile.g6HCxo35L3HZ"
1546482283187	addons.webextension.screenshots@mozilla.org	WARN	Loading extension 'screenshots@mozilla.org': Reading manifest: Invalid host permission: resource://pdf.js/
1546482283188	addons.webextension.screenshots@mozilla.org	WARN	Loading extension 'screenshots@mozilla.org': Reading manifest: Invalid host permission: about:reader*
1546482286112	Marionette	INFO	Listening on port 43095
1546482286232	Marionette	WARN	TLS certificate errors will be ignored for this session
1546482318155	mozrunner::runner	INFO	Running command: "/usr/bin/firefox" "-marionette" "-foreground" "-no-remote" "-profile" "/tmp/rust_mozprofile.2GOtDoRDEXbj"
1546482318536	addons.webextension.screenshots@mozilla.org	WARN	Loading extension 'screenshots@mozilla.org': Reading manifest: Invalid host permission: resource://pdf.js/
1546482318536	addons.webextension.screenshots@mozilla.org	WARN	Loading extension 'screenshots@mozilla.org': Reading manifest: Invalid host permission: about:reader*
1546482321425	Marionette	INFO	Listening on port 34257
1546482321465	Marionette	WARN	TLS certificate errors will be ignored for this session
[Parent 30396, Gecko_IOThread] WARNING: pipe error (64): Connection reset by peer: file /build/firefox-OWzVI3/firefox-64.0+build3/ipc/chromium/src/chrome/common/ipc_channel_posix.cc, line 363
[Parent 30396, Gecko_IOThread] WARNING: pipe error (78): Connection reset by peer: file /build/firefox-OWzVI3/firefox-64.0+build3/ipc/chromium/src/chrome/common/ipc_channel_posix.cc, line 363
1546482324708	Marionette	INFO	Stopped listening on port 43095
1546482352172	mozrunner::runner	INFO	Running command: "/usr/bin/firefox" "-marionette" "-foreground" "-no-remote" "-profile" "/tmp/rust_mozprofile.3GENmFXnCzjB"
1546482352573	addons.webextension.screenshots@mozilla.org	WARN	Loading extension 'screenshots@mozilla.org': Reading manifest: Invalid host permission: resource://pdf.js/
1546482352573	addons.webextension.screenshots@mozilla.org	WARN	Loading extension 'screenshots@mozilla.org': Reading manifest: Invalid host permission: about:reader*
[Parent 32682, Gecko_IOThread] WARNING: pipe error (78): Connection reset by peer: file /build/firefox-OWzVI3/firefox-64.0+build3/ipc/chromium/src/chrome/common/ipc_channel_posix.cc, line 363
[Parent 32682, Gecko_IOThread] WARNING: pipe error (84): Connection reset by peer: file /build/firefox-OWzVI3/firefox-64.0+build3/ipc/chromium/src/chrome/common/ipc_channel_posix.cc, line 363
1546482354912	Marionette	INFO	Stopped listening on port 34257
1546482355917	Marionette	INFO	Listening on port 37319
1546482356014	Marionette	WARN	TLS certificate errors will be ignored for this session
console.error: BroadcastService: 
  receivedBroadcastMessage: handler for
  remote-settings/monitor_changes
  threw error:
  Message: Error: Polling for changes failed: NetworkError when attempting to fetch resource..
  Stack:
    remoteSettingsFunction/remoteSettings.pollChanges@resource://services-settings/remote-settings.js:750:13

console.error: "Error while calling actor 'domwalker's method 'documentElement'" "can't access dead object"
console.error: "documentElement@resource://devtools/shared/base-loader.js -> resource://devtools/server/actors/inspector/walker.js:466:1\nhandler@resource://devtools/shared/base-loader.js -> resource://devtools/shared/protocol.js:1198:21\nonPacket@resource://devtools/shared/base-loader.js -> resource://devtools/server/main.js:1313:15\nreceiveMessage@resource://devtools/shared/base-loader.js -> resource://devtools/shared/transport/child-transport.js:66:5\n"
console.error: "Protocol error (unknownError): can't access dead object"
[Parent 32609, Gecko_IOThread] WARNING: pipe error (70): Connection reset by peer: file /build/firefox-OWzVI3/firefox-64.0+build3/ipc/chromium/src/chrome/common/ipc_channel_posix.cc, line 363
[Parent 32609, Gecko_IOThread] WARNING: pipe error (65): Connection reset by peer: file /build/firefox-OWzVI3/firefox-64.0+build3/ipc/chromium/src/chrome/common/ipc_channel_posix.cc, line 363
[Parent 32609, Gecko_IOThread] WARNING: pipe error (78): Connection reset by peer: file /build/firefox-OWzVI3/firefox-64.0+build3/ipc/chromium/src/chrome/common/ipc_channel_posix.cc, line 363
[Parent 32609, Gecko_IOThread] WARNING: pipe error (132): Connection reset by peer: file /build/firefox-OWzVI3/firefox-64.0+build3/ipc/chromium/src/chrome/common/ipc_channel_posix.cc, line 363
[Parent 32609, Gecko_IOThread] WARNING: pipe error (111): Connection reset by peer: file /build/firefox-OWzVI3/firefox-64.0+build3/ipc/chromium/src/chrome/common/ipc_channel_posix.cc, line 363
1546483513685	Marionette	INFO	Stopped listening on port 44719
1546483515519	mozrunner::runner	INFO	Running command: "/usr/bin/firefox" "-marionette" "-foreground" "-no-remote" "-profile" "/tmp/rust_mozprofile.M2D4cuSe3CpK"
1546483515904	addons.webextension.screenshots@mozilla.org	WARN	Loading extension 'screenshots@mozilla.org': Reading manifest: Invalid host permission: resource://pdf.js/
1546483515905	addons.webextension.screenshots@mozilla.org	WARN	Loading extension 'screenshots@mozilla.org': Reading manifest: Invalid host permission: about:reader*
1546483518665	Marionette	INFO	Listening on port 34533
1546483518788	Marionette	WARN	TLS certificate errors will be ignored for this session
[Parent 25400, Gecko_IOThread] WARNING: pipe error (194): Connection reset by peer: file /build/firefox-OWzVI3/firefox-64.0+build3/ipc/chromium/src/chrome/common/ipc_channel_posix.cc, line 363
1546483813539	mozrunner::runner	INFO	Running command: "/usr/bin/firefox" "-marionette" "-foreground" "-no-remote" "-profile" "/tmp/rust_mozprofile.FSJJVNfMtWnM"
1546483813930	addons.webextension.screenshots@mozilla.org	WARN	Loading extension 'screenshots@mozilla.org': Reading manifest: Invalid host permission: resource://pdf.js/
1546483813930	addons.webextension.screenshots@mozilla.org	WARN	Loading extension 'screenshots@mozilla.org': Reading manifest: Invalid host permission: about:reader*
1546483816754	Marionette	INFO	Listening on port 45199
1546483816868	Marionette	WARN	TLS certificate errors will be ignored for this session
[Parent 27362, Gecko_IOThread] WARNING: pipe error (78): Connection reset by peer: file /build/firefox-OWzVI3/firefox-64.0+build3/ipc/chromium/src/chrome/common/ipc_channel_posix.cc, line 363
[Parent 27362, Gecko_IOThread] WARNING: pipe error (70): Connection reset by peer: file /build/firefox-OWzVI3/firefox-64.0+build3/ipc/chromium/src/chrome/common/ipc_channel_posix.cc, line 363
1546483818095	Marionette	INFO	Stopped listening on port 39925
console.error: BroadcastService: 
  receivedBroadcastMessage: handler for
  remote-settings/monitor_changes
  threw error:
  Message: Error: Polling for changes failed: NetworkError when attempting to fetch resource..
  Stack:
    remoteSettingsFunction/remoteSettings.pollChanges@resource://services-settings/remote-settings.js:750:13

console.error: BroadcastService: 
  receivedBroadcastMessage: handler for
  remote-settings/monitor_changes
  threw error:
  Message: Error: Polling for changes failed: NetworkError when attempting to fetch resource..
  Stack:
    remoteSettingsFunction/remoteSettings.pollChanges@resource://services-settings/remote-settings.js:750:13

1546483873969	mozrunner::runner	INFO	Running command: "/usr/bin/firefox" "-marionette" "-foreground" "-no-remote" "-profile" "/tmp/rust_mozprofile.7ZEMqBQRNWxk"
1546483874360	addons.webextension.screenshots@mozilla.org	WARN	Loading extension 'screenshots@mozilla.org': Reading manifest: Invalid host permission: resource://pdf.js/
1546483874360	addons.webextension.screenshots@mozilla.org	WARN	Loading extension 'screenshots@mozilla.org': Reading manifest: Invalid host permission: about:reader*
1546483877166	Marionette	INFO	Listening on port 45919
1546483877184	Marionette	WARN	TLS certificate errors will be ignored for this session
[Child 12079, Chrome_ChildThread] WARNING: pipe error (41): Connection reset by peer: file /build/firefox-OWzVI3/firefox-64.0+build3/ipc/chromium/src/chrome/common/ipc_channel_posix.cc, line 363
[Child 12079, Chrome_ChildThread] WARNING: pipe error (3): Connection reset by peer: file /build/firefox-OWzVI3/firefox-64.0+build3/ipc/chromium/src/chrome/common/ipc_channel_posix.cc, line 363
1546483980981	mozrunner::runner	INFO	Running command: "/usr/bin/firefox" "-marionette" "-foreground" "-no-remote" "-profile" "/tmp/rust_mozprofile.Gde5RwngbzxO"
1546483981379	addons.webextension.screenshots@mozilla.org	WARN	Loading extension 'screenshots@mozilla.org': Reading manifest: Invalid host permission: resource://pdf.js/
1546483981379	addons.webextension.screenshots@mozilla.org	WARN	Loading extension 'screenshots@mozilla.org': Reading manifest: Invalid host permission: about:reader*
1546483984242	Marionette	INFO	Listening on port 43119
1546483984290	Marionette	WARN	TLS certificate errors will be ignored for this session
console.error: BroadcastService: 
  receivedBroadcastMessage: handler for
  remote-settings/monitor_changes
  threw error:
  Message: Error: Polling for changes failed: NetworkError when attempting to fetch resource..
  Stack:
    remoteSettingsFunction/remoteSettings.pollChanges@resource://services-settings/remote-settings.js:750:13

1546490066610	mozrunner::runner	INFO	Running command: "/usr/bin/firefox" "-marionette" "-foreground" "-no-remote" "-profile" "/tmp/rust_mozprofile.oSuoP9pLD4Cs"
1546490066994	addons.webextension.screenshots@mozilla.org	WARN	Loading extension 'screenshots@mozilla.org': Reading manifest: Invalid host permission: resource://pdf.js/
1546490066995	addons.webextension.screenshots@mozilla.org	WARN	Loading extension 'screenshots@mozilla.org': Reading manifest: Invalid host permission: about:reader*
1546490070193	Marionette	INFO	Listening on port 38945
1546490070227	Marionette	WARN	TLS certificate errors will be ignored for this session
JavaScript error: resource://devtools/shared/base-loader.js -> resource://devtools/client/shared/widgets/tooltip/HTMLTooltip.js, line 272: TypeError: node.getBoxQuads(...)[0] is undefined
console.error: "TypeError: this.onSelected is not a function: onDetachedFront@resource://devtools/shared/base-loader.js -> resource://devtools/client/inspector/computed/computed.js:1458:5\nemit@resource://devtools/shared/base-loader.js -> resource://devtools/shared/event-emitter.js:178:15\nemit@resource://devtools/shared/base-loader.js -> resource://devtools/shared/event-emitter.js:255:5\n_onMutations@resource://devtools/shared/base-loader.js -> resource://devtools/client/framework/selection.js:105:7\nemit@resource://devtools/shared/base-loader.js -> resource://devtools/shared/event-emitter.js:178:15\nemit@resource://devtools/shared/base-loader.js -> resource://devtools/shared/event-emitter.js:255:5\nWalkerFront<.getMutations</<@resource://devtools/shared/base-loader.js -> resource://devtools/shared/fronts/inspector.js:414:7\n"
TypeError: this.onSelected is not a function: onDetachedFront@resource://devtools/shared/base-loader.js -> resource://devtools/client/inspector/computed/computed.js:1458:5
emit@resource://devtools/shared/base-loader.js -> resource://devtools/shared/event-emitter.js:178:15
emit@resource://devtools/shared/base-loader.js -> resource://devtools/shared/event-emitter.js:255:5
_onMutations@resource://devtools/shared/base-loader.js -> resource://devtools/client/framework/selection.js:105:7
emit@resource://devtools/shared/base-loader.js -> resource://devtools/shared/event-emitter.js:178:15
emit@resource://devtools/shared/base-loader.js -> resource://devtools/shared/event-emitter.js:255:5
WalkerFront<.getMutations</<@resource://devtools/shared/base-loader.js -> resource://devtools/shared/fronts/inspector.js:414:7

[Parent 5160, Gecko_IOThread] WARNING: pipe error (178): Connection reset by peer: file /build/firefox-OWzVI3/firefox-64.0+build3/ipc/chromium/src/chrome/common/ipc_channel_posix.cc, line 363
1546490221290	mozrunner::runner	INFO	Running command: "/usr/bin/firefox" "-marionette" "-foreground" "-no-remote" "-profile" "/tmp/rust_mozprofile.dO6e71CdZgki"
1546490221697	addons.webextension.screenshots@mozilla.org	WARN	Loading extension 'screenshots@mozilla.org': Reading manifest: Invalid host permission: resource://pdf.js/
1546490221697	addons.webextension.screenshots@mozilla.org	WARN	Loading extension 'screenshots@mozilla.org': Reading manifest: Invalid host permission: about:reader*
1546490224442	Marionette	INFO	Listening on port 42399
1546490224500	Marionette	WARN	TLS certificate errors will be ignored for this session
IPDL protocol error: Handler returned error code!

###!!! [Parent][DispatchAsyncMessage] Error: PLayerTransaction::Msg_ReleaseLayer Processing error: message was deserialized, but the handler returned false (indicating failure)

IPDL protocol error: Handler returned error code!

###!!! [Parent][DispatchAsyncMessage] Error: PLayerTransaction::Msg_ReleaseLayer Processing error: message was deserialized, but the handler returned false (indicating failure)

IPDL protocol error: Handler returned error code!

###!!! [Parent][DispatchAsyncMessage] Error: PLayerTransaction::Msg_ReleaseLayer Processing error: message was deserialized, but the handler returned false (indicating failure)

IPDL protocol error: Handler returned error code!

###!!! [Parent][DispatchAsyncMessage] Error: PLayerTransaction::Msg_ReleaseLayer Processing error: message was deserialized, but the handler returned false (indicating failure)

IPDL protocol error: Handler returned error code!

###!!! [Parent][DispatchAsyncMessage] Error: PLayerTransaction::Msg_ReleaseLayer Processing error: message was deserialized, but the handler returned false (indicating failure)

IPDL protocol error: Handler returned error code!

###!!! [Parent][DispatchAsyncMessage] Error: PLayerTransaction::Msg_ReleaseLayer Processing error: message was deserialized, but the handler returned false (indicating failure)

IPDL protocol error: Handler returned error code!

###!!! [Parent][DispatchAsyncMessage] Error: PLayerTransaction::Msg_ReleaseLayer Processing error: message was deserialized, but the handler returned false (indicating failure)

[Parent 5160, Gecko_IOThread] WARNING: pipe error (78): Connection reset by peer: file /build/firefox-OWzVI3/firefox-64.0+build3/ipc/chromium/src/chrome/common/ipc_channel_posix.cc, line 363
[Parent 5160, Gecko_IOThread] WARNING: pipe error (70): Connection reset by peer: file /build/firefox-OWzVI3/firefox-64.0+build3/ipc/chromium/src/chrome/common/ipc_channel_posix.cc, line 363
[Parent 5160, Gecko_IOThread] WARNING: pipe error (119): Connection reset by peer: file /build/firefox-OWzVI3/firefox-64.0+build3/ipc/chromium/src/chrome/common/ipc_channel_posix.cc, line 363
1546490228648	Marionette	INFO	Stopped listening on port 38945
console.error: BroadcastService: 
  receivedBroadcastMessage: handler for
  remote-settings/monitor_changes
  threw error:
  Message: Error: Polling for changes failed: NetworkError when attempting to fetch resource..
  Stack:
    remoteSettingsFunction/remoteSettings.pollChanges@resource://services-settings/remote-settings.js:750:13

IPDL protocol error: Handler returned error code!

###!!! [Parent][DispatchAsyncMessage] Error: PLayerTransaction::Msg_ReleaseLayer Processing error: message was deserialized, but the handler returned false (indicating failure)

IPDL protocol error: Handler returned error code!

###!!! [Parent][DispatchAsyncMessage] Error: PLayerTransaction::Msg_ReleaseLayer Processing error: message was deserialized, but the handler returned false (indicating failure)

IPDL protocol error: Handler returned error code!

###!!! [Parent][DispatchAsyncMessage] Error: PLayerTransaction::Msg_ReleaseLayer Processing error: message was deserialized, but the handler returned false (indicating failure)

IPDL protocol error: Handler returned error code!

###!!! [Parent][DispatchAsyncMessage] Error: PLayerTransaction::Msg_ReleaseLayer Processing error: message was deserialized, but the handler returned false (indicating failure)

IPDL protocol error: Handler returned error code!

###!!! [Parent][DispatchAsyncMessage] Error: PLayerTransaction::Msg_ReleaseLayer Processing error: message was deserialized, but the handler returned false (indicating failure)

IPDL protocol error: Handler returned error code!

###!!! [Parent][DispatchAsyncMessage] Error: PLayerTransaction::Msg_ReleaseLayer Processing error: message was deserialized, but the handler returned false (indicating failure)

IPDL protocol error: Handler returned error code!

###!!! [Parent][DispatchAsyncMessage] Error: PLayerTransaction::Msg_ReleaseLayer Processing error: message was deserialized, but the handler returned false (indicating failure)

[Parent 12788, Gecko_IOThread] WARNING: pipe error (64): Connection reset by peer: file /build/firefox-OWzVI3/firefox-64.0+build3/ipc/chromium/src/chrome/common/ipc_channel_posix.cc, line 363
[Parent 12788, Gecko_IOThread] WARNING: pipe error (78): Connection reset by peer: file /build/firefox-OWzVI3/firefox-64.0+build3/ipc/chromium/src/chrome/common/ipc_channel_posix.cc, line 363
1546490425027	Marionette	INFO	Stopped listening on port 42399
[Parent 25400, Gecko_IOThread] WARNING: pipe error (84): Connection reset by peer: file /build/firefox-OWzVI3/firefox-64.0+build3/ipc/chromium/src/chrome/common/ipc_channel_posix.cc, line 363
[Parent 25400, Gecko_IOThread] WARNING: pipe error (111): Connection reset by peer: file /build/firefox-OWzVI3/firefox-64.0+build3/ipc/chromium/src/chrome/common/ipc_channel_posix.cc, line 363
[Parent 25400, Gecko_IOThread] WARNING: pipe error (177): Connection reset by peer: file /build/firefox-OWzVI3/firefox-64.0+build3/ipc/chromium/src/chrome/common/ipc_channel_posix.cc, line 363
[Parent 25400, Gecko_IOThread] WARNING: pipe error (78): Connection reset by peer: file /build/firefox-OWzVI3/firefox-64.0+build3/ipc/chromium/src/chrome/common/ipc_channel_posix.cc, line 363
1546490426044	Marionette	INFO	Stopped listening on port 34533
1546490432543	mozrunner::runner	INFO	Running command: "/usr/bin/firefox" "-marionette" "-foreground" "-no-remote" "-profile" "/tmp/rust_mozprofile.JsvRBcjgU7sc"
1546490432959	addons.webextension.screenshots@mozilla.org	WARN	Loading extension 'screenshots@mozilla.org': Reading manifest: Invalid host permission: resource://pdf.js/
1546490432960	addons.webextension.screenshots@mozilla.org	WARN	Loading extension 'screenshots@mozilla.org': Reading manifest: Invalid host permission: about:reader*
1546490435959	Marionette	INFO	Listening on port 40469
1546490436052	Marionette	WARN	TLS certificate errors will be ignored for this session
1546490509978	mozrunner::runner	INFO	Running command: "/usr/bin/firefox" "-marionette" "-foreground" "-no-remote" "-profile" "/tmp/rust_mozprofile.1SRPqoLxSFzq"
1546490510383	addons.webextension.screenshots@mozilla.org	WARN	Loading extension 'screenshots@mozilla.org': Reading manifest: Invalid host permission: resource://pdf.js/
1546490510384	addons.webextension.screenshots@mozilla.org	WARN	Loading extension 'screenshots@mozilla.org': Reading manifest: Invalid host permission: about:reader*
IPDL protocol error: Handler returned error code!

###!!! [Parent][DispatchAsyncMessage] Error: PLayerTransaction::Msg_ReleaseLayer Processing error: message was deserialized, but the handler returned false (indicating failure)

IPDL protocol error: Handler returned error code!

###!!! [Parent][DispatchAsyncMessage] Error: PLayerTransaction::Msg_ReleaseLayer Processing error: message was deserialized, but the handler returned false (indicating failure)

IPDL protocol error: Handler returned error code!

###!!! [Parent][DispatchAsyncMessage] Error: PLayerTransaction::Msg_ReleaseLayer Processing error: message was deserialized, but the handler returned false (indicating failure)

IPDL protocol error: Handler returned error code!

###!!! [Parent][DispatchAsyncMessage] Error: PLayerTransaction::Msg_ReleaseLayer Processing error: message was deserialized, but the handler returned false (indicating failure)

IPDL protocol error: Handler returned error code!

###!!! [Parent][DispatchAsyncMessage] Error: PLayerTransaction::Msg_ReleaseLayer Processing error: message was deserialized, but the handler returned false (indicating failure)

IPDL protocol error: Handler returned error code!

###!!! [Parent][DispatchAsyncMessage] Error: PLayerTransaction::Msg_ReleaseLayer Processing error: message was deserialized, but the handler returned false (indicating failure)

IPDL protocol error: Handler returned error code!

###!!! [Parent][DispatchAsyncMessage] Error: PLayerTransaction::Msg_ReleaseLayer Processing error: message was deserialized, but the handler returned false (indicating failure)

[Parent 21657, Gecko_IOThread] WARNING: pipe error (78): Connection reset by peer: file /build/firefox-OWzVI3/firefox-64.0+build3/ipc/chromium/src/chrome/common/ipc_channel_posix.cc, line 363
[Parent 21657, Gecko_IOThread] WARNING: pipe error (64): Connection reset by peer: file /build/firefox-OWzVI3/firefox-64.0+build3/ipc/chromium/src/chrome/common/ipc_channel_posix.cc, line 363
1546490512227	Marionette	INFO	Stopped listening on port 40469
1546490513916	Marionette	INFO	Listening on port 35793
1546490514038	Marionette	WARN	TLS certificate errors will be ignored for this session
1546490545056	mozrunner::runner	INFO	Running command: "/usr/bin/firefox" "-marionette" "-foreground" "-no-remote" "-profile" "/tmp/rust_mozprofile.VL9atD3dERYO"
1546490545467	addons.webextension.screenshots@mozilla.org	WARN	Loading extension 'screenshots@mozilla.org': Reading manifest: Invalid host permission: resource://pdf.js/
1546490545467	addons.webextension.screenshots@mozilla.org	WARN	Loading extension 'screenshots@mozilla.org': Reading manifest: Invalid host permission: about:reader*
[Parent 25629, Gecko_IOThread] WARNING: pipe error (78): Connection reset by peer: file /build/firefox-OWzVI3/firefox-64.0+build3/ipc/chromium/src/chrome/common/ipc_channel_posix.cc, line 363
[Parent 25629, Gecko_IOThread] WARNING: pipe error (64): Connection reset by peer: file /build/firefox-OWzVI3/firefox-64.0+build3/ipc/chromium/src/chrome/common/ipc_channel_posix.cc, line 363
1546490547314	Marionette	INFO	Stopped listening on port 35793
1546490549214	Marionette	INFO	Listening on port 38001
1546490549345	Marionette	WARN	TLS certificate errors will be ignored for this session
IPDL protocol error: Handler returned error code!

###!!! [Parent][DispatchAsyncMessage] Error: PLayerTransaction::Msg_ReleaseLayer Processing error: message was deserialized, but the handler returned false (indicating failure)

IPDL protocol error: Handler returned error code!

###!!! [Parent][DispatchAsyncMessage] Error: PLayerTransaction::Msg_ReleaseLayer Processing error: message was deserialized, but the handler returned false (indicating failure)

IPDL protocol error: Handler returned error code!

###!!! [Parent][DispatchAsyncMessage] Error: PLayerTransaction::Msg_ReleaseLayer Processing error: message was deserialized, but the handler returned false (indicating failure)

IPDL protocol error: Handler returned error code!

###!!! [Parent][DispatchAsyncMessage] Error: PLayerTransaction::Msg_ReleaseLayer Processing error: message was deserialized, but the handler returned false (indicating failure)

IPDL protocol error: Handler returned error code!

###!!! [Parent][DispatchAsyncMessage] Error: PLayerTransaction::Msg_ReleaseLayer Processing error: message was deserialized, but the handler returned false (indicating failure)

IPDL protocol error: Handler returned error code!

###!!! [Parent][DispatchAsyncMessage] Error: PLayerTransaction::Msg_ReleaseLayer Processing error: message was deserialized, but the handler returned false (indicating failure)

IPDL protocol error: Handler returned error code!

###!!! [Parent][DispatchAsyncMessage] Error: PLayerTransaction::Msg_ReleaseLayer Processing error: message was deserialized, but the handler returned false (indicating failure)

[Parent 27679, Gecko_IOThread] WARNING: pipe error (78): Connection reset by peer: file /build/firefox-OWzVI3/firefox-64.0+build3/ipc/chromium/src/chrome/common/ipc_channel_posix.cc, line 363
[Parent 27679, Gecko_IOThread] WARNING: pipe error (81): Connection reset by peer: file /build/firefox-OWzVI3/firefox-64.0+build3/ipc/chromium/src/chrome/common/ipc_channel_posix.cc, line 363
1546490587478	Marionette	INFO	Stopped listening on port 38001
1546490620307	mozrunner::runner	INFO	Running command: "/usr/bin/firefox" "-marionette" "-foreground" "-no-remote" "-profile" "/tmp/rust_mozprofile.VKPSmawhUP7T"
1546490620709	addons.webextension.screenshots@mozilla.org	WARN	Loading extension 'screenshots@mozilla.org': Reading manifest: Invalid host permission: resource://pdf.js/
1546490620709	addons.webextension.screenshots@mozilla.org	WARN	Loading extension 'screenshots@mozilla.org': Reading manifest: Invalid host permission: about:reader*
1546490623658	Marionette	INFO	Listening on port 40315
1546490623779	Marionette	WARN	TLS certificate errors will be ignored for this session
1546490731014	mozrunner::runner	INFO	Running command: "/usr/bin/firefox" "-marionette" "-foreground" "-no-remote" "-profile" "/tmp/rust_mozprofile.Pu6o8VSrqpOm"
1546490731428	addons.webextension.screenshots@mozilla.org	WARN	Loading extension 'screenshots@mozilla.org': Reading manifest: Invalid host permission: resource://pdf.js/
1546490731428	addons.webextension.screenshots@mozilla.org	WARN	Loading extension 'screenshots@mozilla.org': Reading manifest: Invalid host permission: about:reader*
IPDL protocol error: Handler returned error code!

###!!! [Parent][DispatchAsyncMessage] Error: PLayerTransaction::Msg_ReleaseLayer Processing error: message was deserialized, but the handler returned false (indicating failure)

IPDL protocol error: Handler returned error code!

###!!! [Parent][DispatchAsyncMessage] Error: PLayerTransaction::Msg_ReleaseLayer Processing error: message was deserialized, but the handler returned false (indicating failure)

IPDL protocol error: Handler returned error code!

###!!! [Parent][DispatchAsyncMessage] Error: PLayerTransaction::Msg_ReleaseLayer Processing error: message was deserialized, but the handler returned false (indicating failure)

IPDL protocol error: Handler returned error code!

###!!! [Parent][DispatchAsyncMessage] Error: PLayerTransaction::Msg_ReleaseLayer Processing error: message was deserialized, but the handler returned false (indicating failure)

IPDL protocol error: Handler returned error code!

###!!! [Parent][DispatchAsyncMessage] Error: PLayerTransaction::Msg_ReleaseLayer Processing error: message was deserialized, but the handler returned false (indicating failure)

IPDL protocol error: Handler returned error code!

###!!! [Parent][DispatchAsyncMessage] Error: PLayerTransaction::Msg_ReleaseLayer Processing error: message was deserialized, but the handler returned false (indicating failure)

IPDL protocol error: Handler returned error code!

###!!! [Parent][DispatchAsyncMessage] Error: PLayerTransaction::Msg_ReleaseLayer Processing error: message was deserialized, but the handler returned false (indicating failure)

IPDL protocol error: Handler returned error code!

###!!! [Parent][DispatchAsyncMessage] Error: PLayerTransaction::Msg_ReleaseLayer Processing error: message was deserialized, but the handler returned false (indicating failure)

IPDL protocol error: Handler returned error code!

###!!! [Parent][DispatchAsyncMessage] Error: PLayerTransaction::Msg_ReleaseLayer Processing error: message was deserialized, but the handler returned false (indicating failure)

IPDL protocol error: Handler returned error code!

###!!! [Parent][DispatchAsyncMessage] Error: PLayerTransaction::Msg_ReleaseLayer Processing error: message was deserialized, but the handler returned false (indicating failure)

IPDL protocol error: Handler returned error code!

###!!! [Parent][DispatchAsyncMessage] Error: PLayerTransaction::Msg_ReleaseLayer Processing error: message was deserialized, but the handler returned false (indicating failure)

IPDL protocol error: Handler returned error code!

###!!! [Parent][DispatchAsyncMessage] Error: PLayerTransaction::Msg_ReleaseLayer Processing error: message was deserialized, but the handler returned false (indicating failure)

[Parent 31435, Gecko_IOThread] WARNING: pipe error (78): Connection reset by peer: file /build/firefox-OWzVI3/firefox-64.0+build3/ipc/chromium/src/chrome/common/ipc_channel_posix.cc, line 363
[Parent 31435, Gecko_IOThread] WARNING: pipe error (84): Connection reset by peer: file /build/firefox-OWzVI3/firefox-64.0+build3/ipc/chromium/src/chrome/common/ipc_channel_posix.cc, line 363
1546490733070	Marionette	INFO	Stopped listening on port 40315
1546490734458	Marionette	INFO	Listening on port 42749
1546490734603	Marionette	WARN	TLS certificate errors will be ignored for this session
console.error: BroadcastService: 
  receivedBroadcastMessage: handler for
  remote-settings/monitor_changes
  threw error:
  Message: Error: Polling for changes failed: NetworkError when attempting to fetch resource..
  Stack:
    remoteSettingsFunction/remoteSettings.pollChanges@resource://services-settings/remote-settings.js:750:13

1546491136533	mozrunner::runner	INFO	Running command: "/usr/bin/firefox" "-marionette" "-foreground" "-no-remote" "-profile" "/tmp/rust_mozprofile.wysW8cLD1NFX"
1546491136923	addons.webextension.screenshots@mozilla.org	WARN	Loading extension 'screenshots@mozilla.org': Reading manifest: Invalid host permission: resource://pdf.js/
1546491136923	addons.webextension.screenshots@mozilla.org	WARN	Loading extension 'screenshots@mozilla.org': Reading manifest: Invalid host permission: about:reader*
1546491139914	Marionette	INFO	Listening on port 33041
1546491139945	Marionette	WARN	TLS certificate errors will be ignored for this session
console.error: BroadcastService: 
  receivedBroadcastMessage: handler for
  remote-settings/monitor_changes
  threw error:
  Message: Error: Polling for changes failed: NetworkError when attempting to fetch resource..
  Stack:
    remoteSettingsFunction/remoteSettings.pollChanges@resource://services-settings/remote-settings.js:750:13

[Parent 22008, Gecko_IOThread] WARNING: pipe error (78): Connection reset by peer: file /build/firefox-OWzVI3/firefox-64.0+build3/ipc/chromium/src/chrome/common/ipc_channel_posix.cc, line 363
[Parent 22008, Gecko_IOThread] WARNING: pipe error (64): Connection reset by peer: file /build/firefox-OWzVI3/firefox-64.0+build3/ipc/chromium/src/chrome/common/ipc_channel_posix.cc, line 363
1546491269801	Marionette	INFO	Stopped listening on port 33041
1546491278940	mozrunner::runner	INFO	Running command: "/usr/bin/firefox" "-marionette" "-foreground" "-no-remote" "-profile" "/tmp/rust_mozprofile.H7ilYEMlH7sg"
1546491279338	addons.webextension.screenshots@mozilla.org	WARN	Loading extension 'screenshots@mozilla.org': Reading manifest: Invalid host permission: resource://pdf.js/
1546491279339	addons.webextension.screenshots@mozilla.org	WARN	Loading extension 'screenshots@mozilla.org': Reading manifest: Invalid host permission: about:reader*
1546491282042	Marionette	INFO	Listening on port 32855
1546491282049	Marionette	WARN	TLS certificate errors will be ignored for this session
JavaScript error: resource://gre/modules/WebProgressChild.jsm, line 58: TypeError: this.mm.content is null
JavaScript error: resource://gre/modules/WebProgressChild.jsm, line 58: TypeError: this.mm.content is null
[Parent 29060, Gecko_IOThread] WARNING: pipe error (78): Connection reset by peer: file /build/firefox-OWzVI3/firefox-64.0+build3/ipc/chromium/src/chrome/common/ipc_channel_posix.cc, line 363
[Parent 29060, Gecko_IOThread] WARNING: pipe error (86): Connection reset by peer: file /build/firefox-OWzVI3/firefox-64.0+build3/ipc/chromium/src/chrome/common/ipc_channel_posix.cc, line 363
1546491308562	Marionette	INFO	Stopped listening on port 32855
1546491694733	mozrunner::runner	INFO	Running command: "/usr/bin/firefox" "-marionette" "-foreground" "-no-remote" "-profile" "/tmp/rust_mozprofile.fFR5VMtC4X3R"
1546491695129	addons.webextension.screenshots@mozilla.org	WARN	Loading extension 'screenshots@mozilla.org': Reading manifest: Invalid host permission: resource://pdf.js/
1546491695129	addons.webextension.screenshots@mozilla.org	WARN	Loading extension 'screenshots@mozilla.org': Reading manifest: Invalid host permission: about:reader*
1546491697782	Marionette	INFO	Listening on port 34347
1546491697888	Marionette	WARN	TLS certificate errors will be ignored for this session
1546491704677	Marionette	INFO	Stopped listening on port 34347
1546491926432	mozrunner::runner	INFO	Running command: "/usr/bin/firefox" "-marionette" "-foreground" "-no-remote" "-profile" "/tmp/rust_mozprofile.PgBKiJb38Vil"
1546491926850	addons.webextension.screenshots@mozilla.org	WARN	Loading extension 'screenshots@mozilla.org': Reading manifest: Invalid host permission: resource://pdf.js/
1546491926850	addons.webextension.screenshots@mozilla.org	WARN	Loading extension 'screenshots@mozilla.org': Reading manifest: Invalid host permission: about:reader*
1546491929658	Marionette	INFO	Listening on port 45419
1546491929771	Marionette	WARN	TLS certificate errors will be ignored for this session
1546492038223	mozrunner::runner	INFO	Running command: "/usr/bin/firefox" "-marionette" "-foreground" "-no-remote" "-profile" "/tmp/rust_mozprofile.Wgw75KQ5IPeH"
1546492038606	addons.webextension.screenshots@mozilla.org	WARN	Loading extension 'screenshots@mozilla.org': Reading manifest: Invalid host permission: resource://pdf.js/
1546492038606	addons.webextension.screenshots@mozilla.org	WARN	Loading extension 'screenshots@mozilla.org': Reading manifest: Invalid host permission: about:reader*
1546492041315	Marionette	INFO	Listening on port 35125
1546492041336	Marionette	WARN	TLS certificate errors will be ignored for this session
[Parent 1211, Gecko_IOThread] WARNING: pipe error (86): Connection reset by peer: file /build/firefox-OWzVI3/firefox-64.0+build3/ipc/chromium/src/chrome/common/ipc_channel_posix.cc, line 363
[Parent 1211, Gecko_IOThread] WARNING: pipe error (78): Connection reset by peer: file /build/firefox-OWzVI3/firefox-64.0+build3/ipc/chromium/src/chrome/common/ipc_channel_posix.cc, line 363
1546492089607	Marionette	INFO	Stopped listening on port 35125
[Parent 28106, Gecko_IOThread] WARNING: pipe error (64): Connection reset by peer: file /build/firefox-OWzVI3/firefox-64.0+build3/ipc/chromium/src/chrome/common/ipc_channel_posix.cc, line 363
[Parent 28106, Gecko_IOThread] WARNING: pipe error (78): Connection reset by peer: file /build/firefox-OWzVI3/firefox-64.0+build3/ipc/chromium/src/chrome/common/ipc_channel_posix.cc, line 363
1546492090471	Marionette	INFO	Stopped listening on port 45419
1546492092408	mozrunner::runner	INFO	Running command: "/usr/bin/firefox" "-marionette" "-foreground" "-no-remote" "-profile" "/tmp/rust_mozprofile.vOJ3rfyqAaDn"
1546492092788	addons.webextension.screenshots@mozilla.org	WARN	Loading extension 'screenshots@mozilla.org': Reading manifest: Invalid host permission: resource://pdf.js/
1546492092789	addons.webextension.screenshots@mozilla.org	WARN	Loading extension 'screenshots@mozilla.org': Reading manifest: Invalid host permission: about:reader*
1546492095775	Marionette	INFO	Listening on port 44651
1546492095819	Marionette	WARN	TLS certificate errors will be ignored for this session
[Parent 4549, Gecko_IOThread] WARNING: pipe error (114): Connection reset by peer: file /build/firefox-OWzVI3/firefox-64.0+build3/ipc/chromium/src/chrome/common/ipc_channel_posix.cc, line 363
[Parent 4549, Gecko_IOThread] WARNING: pipe error (78): Connection reset by peer: file /build/firefox-OWzVI3/firefox-64.0+build3/ipc/chromium/src/chrome/common/ipc_channel_posix.cc, line 363
[Parent 4549, Gecko_IOThread] WARNING: pipe error (86): Connection reset by peer: file /build/firefox-OWzVI3/firefox-64.0+build3/ipc/chromium/src/chrome/common/ipc_channel_posix.cc, line 363
1546492293764	Marionette	INFO	Stopped listening on port 44651
1546492350867	mozrunner::runner	INFO	Running command: "/usr/bin/firefox" "-marionette" "-foreground" "-no-remote" "-profile" "/tmp/rust_mozprofile.c3OUJtYWvCd0"
1546492351247	addons.webextension.screenshots@mozilla.org	WARN	Loading extension 'screenshots@mozilla.org': Reading manifest: Invalid host permission: resource://pdf.js/
1546492351247	addons.webextension.screenshots@mozilla.org	WARN	Loading extension 'screenshots@mozilla.org': Reading manifest: Invalid host permission: about:reader*
1546492354301	Marionette	INFO	Listening on port 46843
1546492354426	Marionette	WARN	TLS certificate errors will be ignored for this session
1546492501032	mozrunner::runner	INFO	Running command: "/usr/bin/firefox" "-marionette" "-foreground" "-no-remote" "-profile" "/tmp/rust_mozprofile.z4BU448tRwmN"
1546492501414	addons.webextension.screenshots@mozilla.org	WARN	Loading extension 'screenshots@mozilla.org': Reading manifest: Invalid host permission: resource://pdf.js/
1546492501414	addons.webextension.screenshots@mozilla.org	WARN	Loading extension 'screenshots@mozilla.org': Reading manifest: Invalid host permission: about:reader*
1546492504260	Marionette	INFO	Listening on port 39747
1546492504382	Marionette	WARN	TLS certificate errors will be ignored for this session
console.error: BroadcastService: 
  receivedBroadcastMessage: handler for
  remote-settings/monitor_changes
  threw error:
  Message: Error: Polling for changes failed: NetworkError when attempting to fetch resource..
  Stack:
    remoteSettingsFunction/remoteSettings.pollChanges@resource://services-settings/remote-settings.js:750:13

console.error: BroadcastService: 
  receivedBroadcastMessage: handler for
  remote-settings/monitor_changes
  threw error:
  Message: Error: Polling for changes failed: NetworkError when attempting to fetch resource..
  Stack:
    remoteSettingsFunction/remoteSettings.pollChanges@resource://services-settings/remote-settings.js:750:13

1546492651276	mozrunner::runner	INFO	Running command: "/usr/bin/firefox" "-marionette" "-foreground" "-no-remote" "-profile" "/tmp/rust_mozprofile.DVyX3MyNrYtX"
1546492651662	addons.webextension.screenshots@mozilla.org	WARN	Loading extension 'screenshots@mozilla.org': Reading manifest: Invalid host permission: resource://pdf.js/
1546492651662	addons.webextension.screenshots@mozilla.org	WARN	Loading extension 'screenshots@mozilla.org': Reading manifest: Invalid host permission: about:reader*
1546492654638	Marionette	INFO	Listening on port 32975
1546492654756	Marionette	WARN	TLS certificate errors will be ignored for this session
console.error: BroadcastService: 
  receivedBroadcastMessage: handler for
  remote-settings/monitor_changes
  threw error:
  Message: Error: Polling for changes failed: NetworkError when attempting to fetch resource..
  Stack:
    remoteSettingsFunction/remoteSettings.pollChanges@resource://services-settings/remote-settings.js:750:13

1546492709612	mozrunner::runner	INFO	Running command: "/usr/bin/firefox" "-marionette" "-foreground" "-no-remote" "-profile" "/tmp/rust_mozprofile.P3S1rW64EIJz"
1546492709989	addons.webextension.screenshots@mozilla.org	WARN	Loading extension 'screenshots@mozilla.org': Reading manifest: Invalid host permission: resource://pdf.js/
1546492709989	addons.webextension.screenshots@mozilla.org	WARN	Loading extension 'screenshots@mozilla.org': Reading manifest: Invalid host permission: about:reader*
1546492712711	Marionette	INFO	Listening on port 34217
1546492712726	Marionette	WARN	TLS certificate errors will be ignored for this session
[Parent 31456, Gecko_IOThread] WARNING: pipe error (78): Connection reset by peer: file /build/firefox-OWzVI3/firefox-64.0+build3/ipc/chromium/src/chrome/common/ipc_channel_posix.cc, line 363
[Parent 31456, Gecko_IOThread] WARNING: pipe error (81): Connection reset by peer: file /build/firefox-OWzVI3/firefox-64.0+build3/ipc/chromium/src/chrome/common/ipc_channel_posix.cc, line 363
1546492715423	Marionette	INFO	Stopped listening on port 32975
[Parent 2027, Gecko_IOThread] WARNING: pipe error (70): Connection reset by peer: file /build/firefox-OWzVI3/firefox-64.0+build3/ipc/chromium/src/chrome/common/ipc_channel_posix.cc, line 363
[Parent 2027, Gecko_IOThread] WARNING: pipe error (78): Connection reset by peer: file /build/firefox-OWzVI3/firefox-64.0+build3/ipc/chromium/src/chrome/common/ipc_channel_posix.cc, line 363
1546492766696	Marionette	INFO	Stopped listening on port 34217
[Parent 16660, Gecko_IOThread] WARNING: pipe error (78): Connection reset by peer: file /build/firefox-OWzVI3/firefox-64.0+build3/ipc/chromium/src/chrome/common/ipc_channel_posix.cc, line 363
[Parent 16660, Gecko_IOThread] WARNING: pipe error (64): Connection reset by peer: file /build/firefox-OWzVI3/firefox-64.0+build3/ipc/chromium/src/chrome/common/ipc_channel_posix.cc, line 363
1546492767551	Marionette	INFO	Stopped listening on port 46843
[Parent 24138, Gecko_IOThread] WARNING: pipe error (78): Connection reset by peer: file /build/firefox-OWzVI3/firefox-64.0+build3/ipc/chromium/src/chrome/common/ipc_channel_posix.cc, line 363
[Parent 24138, Gecko_IOThread] WARNING: pipe error (81): Connection reset by peer: file /build/firefox-OWzVI3/firefox-64.0+build3/ipc/chromium/src/chrome/common/ipc_channel_posix.cc, line 363
1546492769054	Marionette	INFO	Stopped listening on port 39747
1546492769992	mozrunner::runner	INFO	Running command: "/usr/bin/firefox" "-marionette" "-foreground" "-no-remote" "-profile" "/tmp/rust_mozprofile.bmAGeQuQLa8S"
1546492770386	addons.webextension.screenshots@mozilla.org	WARN	Loading extension 'screenshots@mozilla.org': Reading manifest: Invalid host permission: resource://pdf.js/
1546492770386	addons.webextension.screenshots@mozilla.org	WARN	Loading extension 'screenshots@mozilla.org': Reading manifest: Invalid host permission: about:reader*
1546492773069	Marionette	INFO	Listening on port 41261
1546492773187	Marionette	WARN	TLS certificate errors will be ignored for this session
console.error: BroadcastService: 
  receivedBroadcastMessage: handler for
  remote-settings/monitor_changes
  threw error:
  Message: Error: Polling for changes failed: NetworkError when attempting to fetch resource..
  Stack:
    remoteSettingsFunction/remoteSettings.pollChanges@resource://services-settings/remote-settings.js:750:13

[Parent 5569, Gecko_IOThread] WARNING: pipe error (78): Connection reset by peer: file /build/firefox-OWzVI3/firefox-64.0+build3/ipc/chromium/src/chrome/common/ipc_channel_posix.cc, line 363
1546492984029	Marionette	INFO	Stopped listening on port 41261
1546493103412	mozrunner::runner	INFO	Running command: "/usr/bin/firefox" "-marionette" "-foreground" "-no-remote" "-profile" "/tmp/rust_mozprofile.sYtEbcPuE3a5"
1546493103807	addons.webextension.screenshots@mozilla.org	WARN	Loading extension 'screenshots@mozilla.org': Reading manifest: Invalid host permission: resource://pdf.js/
1546493103807	addons.webextension.screenshots@mozilla.org	WARN	Loading extension 'screenshots@mozilla.org': Reading manifest: Invalid host permission: about:reader*
1546493106554	Marionette	INFO	Listening on port 44069
1546493106699	Marionette	WARN	TLS certificate errors will be ignored for this session
[Parent 20201, Gecko_IOThread] WARNING: pipe error (78): Connection reset by peer: file /build/firefox-OWzVI3/firefox-64.0+build3/ipc/chromium/src/chrome/common/ipc_channel_posix.cc, line 363

###!!! [Child][MessageChannel] Error: (msgtype=0x30009D,name=PContent::Msg_StartVisitedQuery) Channel closing: too late to send/recv, messages will be lost


###!!! [Child][MessageChannel] Error: (msgtype=0x30009D,name=PContent::Msg_StartVisitedQuery) Channel closing: too late to send/recv, messages will be lost

1546493168175	Marionette	INFO	Stopped listening on port 44069
1546493290538	mozrunner::runner	INFO	Running command: "/usr/bin/firefox" "-marionette" "-foreground" "-no-remote" "-profile" "/tmp/rust_mozprofile.bUndbDq5KQq8"
1546493290917	addons.webextension.screenshots@mozilla.org	WARN	Loading extension 'screenshots@mozilla.org': Reading manifest: Invalid host permission: resource://pdf.js/
1546493290917	addons.webextension.screenshots@mozilla.org	WARN	Loading extension 'screenshots@mozilla.org': Reading manifest: Invalid host permission: about:reader*
1546493293693	Marionette	INFO	Listening on port 40483
1546493293746	Marionette	WARN	TLS certificate errors will be ignored for this session
console.error: BroadcastService: 
  receivedBroadcastMessage: handler for
  remote-settings/monitor_changes
  threw error:
  Message: Error: Polling for changes failed: NetworkError when attempting to fetch resource..
  Stack:
    remoteSettingsFunction/remoteSettings.pollChanges@resource://services-settings/remote-settings.js:750:13

[Parent 29989, Gecko_IOThread] WARNING: pipe error (78): Connection reset by peer: file /build/firefox-OWzVI3/firefox-64.0+build3/ipc/chromium/src/chrome/common/ipc_channel_posix.cc, line 363
[Parent 29989, Gecko_IOThread] WARNING: pipe error (64): Connection reset by peer: file /build/firefox-OWzVI3/firefox-64.0+build3/ipc/chromium/src/chrome/common/ipc_channel_posix.cc, line 363
1546493539865	Marionette	INFO	Stopped listening on port 40483
1546493572797	mozrunner::runner	INFO	Running command: "/usr/bin/firefox" "-marionette" "-foreground" "-no-remote" "-profile" "/tmp/rust_mozprofile.lOiFmL7yhbPo"
1546493573177	addons.webextension.screenshots@mozilla.org	WARN	Loading extension 'screenshots@mozilla.org': Reading manifest: Invalid host permission: resource://pdf.js/
1546493573177	addons.webextension.screenshots@mozilla.org	WARN	Loading extension 'screenshots@mozilla.org': Reading manifest: Invalid host permission: about:reader*
1546493576021	Marionette	INFO	Listening on port 35241
1546493576125	Marionette	WARN	TLS certificate errors will be ignored for this session
1546493666206	mozrunner::runner	INFO	Running command: "/usr/bin/firefox" "-marionette" "-foreground" "-no-remote" "-profile" "/tmp/rust_mozprofile.qv6gM0W7aZ5f"
1546493666584	addons.webextension.screenshots@mozilla.org	WARN	Loading extension 'screenshots@mozilla.org': Reading manifest: Invalid host permission: resource://pdf.js/
1546493666584	addons.webextension.screenshots@mozilla.org	WARN	Loading extension 'screenshots@mozilla.org': Reading manifest: Invalid host permission: about:reader*
1546493669510	Marionette	INFO	Listening on port 40003
1546493669517	Marionette	WARN	TLS certificate errors will be ignored for this session
console.error: BroadcastService: 
  receivedBroadcastMessage: handler for
  remote-settings/monitor_changes
  threw error:
  Message: Error: Polling for changes failed: NetworkError when attempting to fetch resource..
  Stack:
    remoteSettingsFunction/remoteSettings.pollChanges@resource://services-settings/remote-settings.js:750:13

[Parent 16489, Gecko_IOThread] WARNING: pipe error (78): Connection reset by peer: file /build/firefox-OWzVI3/firefox-64.0+build3/ipc/chromium/src/chrome/common/ipc_channel_posix.cc, line 363
[Parent 16489, Gecko_IOThread] WARNING: pipe error (84): Connection reset by peer: file /build/firefox-OWzVI3/firefox-64.0+build3/ipc/chromium/src/chrome/common/ipc_channel_posix.cc, line 363
1546493940345	Marionette	INFO	Stopped listening on port 40003
1546493941365	mozrunner::runner	INFO	Running command: "/usr/bin/firefox" "-marionette" "-foreground" "-no-remote" "-profile" "/tmp/rust_mozprofile.v4utraIdZaVy"
1546493941749	addons.webextension.screenshots@mozilla.org	WARN	Loading extension 'screenshots@mozilla.org': Reading manifest: Invalid host permission: resource://pdf.js/
1546493941750	addons.webextension.screenshots@mozilla.org	WARN	Loading extension 'screenshots@mozilla.org': Reading manifest: Invalid host permission: about:reader*
1546493944526	Marionette	INFO	Listening on port 36179
1546493944653	Marionette	WARN	TLS certificate errors will be ignored for this session
console.error: BroadcastService: 
  receivedBroadcastMessage: handler for
  remote-settings/monitor_changes
  threw error:
  Message: Error: Polling for changes failed: NetworkError when attempting to fetch resource..
  Stack:
    remoteSettingsFunction/remoteSettings.pollChanges@resource://services-settings/remote-settings.js:750:13

[Parent 30325, Gecko_IOThread] WARNING: pipe error (64): Connection reset by peer: file /build/firefox-OWzVI3/firefox-64.0+build3/ipc/chromium/src/chrome/common/ipc_channel_posix.cc, line 363
[Parent 30325, Gecko_IOThread] WARNING: pipe error (78): Connection reset by peer: file /build/firefox-OWzVI3/firefox-64.0+build3/ipc/chromium/src/chrome/common/ipc_channel_posix.cc, line 363
1546494004831	Marionette	INFO	Stopped listening on port 36179
1546494024838	mozrunner::runner	INFO	Running command: "/usr/bin/firefox" "-marionette" "-foreground" "-no-remote" "-profile" "/tmp/rust_mozprofile.Zim4isyYqBVE"
1546494025220	addons.webextension.screenshots@mozilla.org	WARN	Loading extension 'screenshots@mozilla.org': Reading manifest: Invalid host permission: resource://pdf.js/
1546494025221	addons.webextension.screenshots@mozilla.org	WARN	Loading extension 'screenshots@mozilla.org': Reading manifest: Invalid host permission: about:reader*
1546494028105	Marionette	INFO	Listening on port 42877
1546494028152	Marionette	WARN	TLS certificate errors will be ignored for this session
console.error: BroadcastService: 
  receivedBroadcastMessage: handler for
  remote-settings/monitor_changes
  threw error:
  Message: Error: Polling for changes failed: NetworkError when attempting to fetch resource..
  Stack:
    remoteSettingsFunction/remoteSettings.pollChanges@resource://services-settings/remote-settings.js:750:13

1546494153885	mozrunner::runner	INFO	Running command: "/usr/bin/firefox" "-marionette" "-foreground" "-no-remote" "-profile" "/tmp/rust_mozprofile.Ogi0FUuuSAWj"
1546494154271	addons.webextension.screenshots@mozilla.org	WARN	Loading extension 'screenshots@mozilla.org': Reading manifest: Invalid host permission: resource://pdf.js/
1546494154271	addons.webextension.screenshots@mozilla.org	WARN	Loading extension 'screenshots@mozilla.org': Reading manifest: Invalid host permission: about:reader*
1546494157030	Marionette	INFO	Listening on port 34713
1546494157142	Marionette	WARN	TLS certificate errors will be ignored for this session
[Parent 8366, Gecko_IOThread] WARNING: pipe error (78): Connection reset by peer: file /build/firefox-OWzVI3/firefox-64.0+build3/ipc/chromium/src/chrome/common/ipc_channel_posix.cc, line 363
[Parent 8366, Gecko_IOThread] WARNING: pipe error (84): Connection reset by peer: file /build/firefox-OWzVI3/firefox-64.0+build3/ipc/chromium/src/chrome/common/ipc_channel_posix.cc, line 363
1546494183117	Marionette	INFO	Stopped listening on port 34713
1546494185102	mozrunner::runner	INFO	Running command: "/usr/bin/firefox" "-marionette" "-foreground" "-no-remote" "-profile" "/tmp/rust_mozprofile.KFZJElNNHTiW"
1546494185498	addons.webextension.screenshots@mozilla.org	WARN	Loading extension 'screenshots@mozilla.org': Reading manifest: Invalid host permission: resource://pdf.js/
1546494185498	addons.webextension.screenshots@mozilla.org	WARN	Loading extension 'screenshots@mozilla.org': Reading manifest: Invalid host permission: about:reader*
1546494188303	Marionette	INFO	Listening on port 45091
1546494188312	Marionette	WARN	TLS certificate errors will be ignored for this session
[Child 10795, Chrome_ChildThread] WARNING: pipe error (32): Connection reset by peer: file /build/firefox-OWzVI3/firefox-64.0+build3/ipc/chromium/src/chrome/common/ipc_channel_posix.cc, line 363
[Child 10795, Chrome_ChildThread] WARNING: pipe error (3): Connection reset by peer: file /build/firefox-OWzVI3/firefox-64.0+build3/ipc/chromium/src/chrome/common/ipc_channel_posix.cc, line 363
1546659867728	mozrunner::runner	INFO	Running command: "/usr/bin/firefox" "-marionette" "-foreground" "-no-remote" "-profile" "/tmp/rust_mozprofile.6jmm3CRE5Uur"
1546659871706	addons.webextension.screenshots@mozilla.org	WARN	Loading extension 'screenshots@mozilla.org': Reading manifest: Invalid host permission: resource://pdf.js/
1546659871706	addons.webextension.screenshots@mozilla.org	WARN	Loading extension 'screenshots@mozilla.org': Reading manifest: Invalid host permission: about:reader*
1546659877693	Marionette	INFO	Listening on port 38885
1546659877704	Marionette	WARN	TLS certificate errors will be ignored for this session
console.error: BroadcastService: 
  receivedBroadcastMessage: handler for
  remote-settings/monitor_changes
  threw error:
  Message: Error: Polling for changes failed: NetworkError when attempting to fetch resource..
  Stack:
    remoteSettingsFunction/remoteSettings.pollChanges@resource://services-settings/remote-settings.js:750:13

[Parent 13471, Gecko_IOThread] WARNING: pipe error (79): Connection reset by peer: file /build/firefox-OWzVI3/firefox-64.0+build3/ipc/chromium/src/chrome/common/ipc_channel_posix.cc, line 363
[Parent 13471, Gecko_IOThread] WARNING: pipe error (70): Connection reset by peer: file /build/firefox-OWzVI3/firefox-64.0+build3/ipc/chromium/src/chrome/common/ipc_channel_posix.cc, line 363
1546660116176	Marionette	INFO	Stopped listening on port 38885
1546660128826	mozrunner::runner	INFO	Running command: "/usr/bin/firefox" "-marionette" "-foreground" "-no-remote" "-profile" "/tmp/rust_mozprofile.q7UyWYc6VUK4"
1546660129218	addons.webextension.screenshots@mozilla.org	WARN	Loading extension 'screenshots@mozilla.org': Reading manifest: Invalid host permission: resource://pdf.js/
1546660129219	addons.webextension.screenshots@mozilla.org	WARN	Loading extension 'screenshots@mozilla.org': Reading manifest: Invalid host permission: about:reader*
1546660132188	Marionette	INFO	Listening on port 38069
1546660132236	Marionette	WARN	TLS certificate errors will be ignored for this session
[Parent 25935, Gecko_IOThread] WARNING: pipe error (64): Connection reset by peer: file /build/firefox-OWzVI3/firefox-64.0+build3/ipc/chromium/src/chrome/common/ipc_channel_posix.cc, line 363
[Parent 25935, Gecko_IOThread] WARNING: pipe error (78): Connection reset by peer: file /build/firefox-OWzVI3/firefox-64.0+build3/ipc/chromium/src/chrome/common/ipc_channel_posix.cc, line 363
1546660209645	Marionette	INFO	Stopped listening on port 38069
1546660210362	mozrunner::runner	INFO	Running command: "/usr/bin/firefox" "-marionette" "-foreground" "-no-remote" "-profile" "/tmp/rust_mozprofile.O816q5srTHdj"
1546660210750	addons.webextension.screenshots@mozilla.org	WARN	Loading extension 'screenshots@mozilla.org': Reading manifest: Invalid host permission: resource://pdf.js/
1546660210751	addons.webextension.screenshots@mozilla.org	WARN	Loading extension 'screenshots@mozilla.org': Reading manifest: Invalid host permission: about:reader*
1546660213439	Marionette	INFO	Listening on port 36709
1546660213474	Marionette	WARN	TLS certificate errors will be ignored for this session
1546660328222	mozrunner::runner	INFO	Running command: "/usr/bin/firefox" "-marionette" "-foreground" "-no-remote" "-profile" "/tmp/rust_mozprofile.h2QWaxDxeObc"
1546660328621	addons.webextension.screenshots@mozilla.org	WARN	Loading extension 'screenshots@mozilla.org': Reading manifest: Invalid host permission: resource://pdf.js/
1546660328621	addons.webextension.screenshots@mozilla.org	WARN	Loading extension 'screenshots@mozilla.org': Reading manifest: Invalid host permission: about:reader*
[Parent 30517, Gecko_IOThread] WARNING: pipe error (78): Connection reset by peer: file /build/firefox-OWzVI3/firefox-64.0+build3/ipc/chromium/src/chrome/common/ipc_channel_posix.cc, line 363
[Parent 30517, Gecko_IOThread] WARNING: pipe error (86): Connection reset by peer: file /build/firefox-OWzVI3/firefox-64.0+build3/ipc/chromium/src/chrome/common/ipc_channel_posix.cc, line 363
1546660330261	Marionette	INFO	Stopped listening on port 36709
1546660332249	Marionette	INFO	Listening on port 34469
1546660332375	Marionette	WARN	TLS certificate errors will be ignored for this session
[Parent 4547, Gecko_IOThread] WARNING: pipe error (78): Connection reset by peer: file /build/firefox-OWzVI3/firefox-64.0+build3/ipc/chromium/src/chrome/common/ipc_channel_posix.cc, line 363
[Parent 4547, Gecko_IOThread] WARNING: pipe error (86): Connection reset by peer: file /build/firefox-OWzVI3/firefox-64.0+build3/ipc/chromium/src/chrome/common/ipc_channel_posix.cc, line 363
1546660365593	Marionette	INFO	Stopped listening on port 34469
1546660366044	mozrunner::runner	INFO	Running command: "/usr/bin/firefox" "-marionette" "-foreground" "-no-remote" "-profile" "/tmp/rust_mozprofile.jjQyrtXq5wlm"
1546660366451	addons.webextension.screenshots@mozilla.org	WARN	Loading extension 'screenshots@mozilla.org': Reading manifest: Invalid host permission: resource://pdf.js/
1546660366451	addons.webextension.screenshots@mozilla.org	WARN	Loading extension 'screenshots@mozilla.org': Reading manifest: Invalid host permission: about:reader*
1546660369362	Marionette	INFO	Listening on port 45707
1546660369454	Marionette	WARN	TLS certificate errors will be ignored for this session
